2019-10-21 17:25:04 [scrapy.utils.log] INFO: Scrapy 1.7.3 started (bot: crawler)
2019-10-21 17:25:04 [scrapy.utils.log] INFO: Versions: lxml 4.4.1.0, libxml2 2.9.9, cssselect 1.1.0, parsel 1.5.2, w3lib 1.21.0, Twisted 19.7.0, Python 3.7.3 (default, Mar 27 2019, 09:23:15) - [Clang 10.0.1 (clang-1001.0.46.3)], pyOpenSSL 19.0.0 (OpenSSL 1.1.1c  28 May 2019), cryptography 2.7, Platform Darwin-18.7.0-x86_64-i386-64bit
2019-10-21 17:25:04 [scrapy.crawler] INFO: Overridden settings: {'BOT_NAME': 'crawler', 'DOWNLOAD_DELAY': 12, 'LOG_FILE': 'logs/crawler/mynavi/466be610f3dc11e99ecdacde48001122.log', 'NEWSPIDER_MODULE': 'crawler.spiders', 'SPIDER_MODULES': ['crawler.spiders'], 'USER_AGENT': 'Mozilla/5.0 (Macintosh; Intel Mac OS X 10_14_6) AppleWebKit/537.36 (KHTML, like Gecko) Chrome/77.0.3865.90 Safari/537.36'}
2019-10-21 17:25:04 [scrapy.extensions.telnet] INFO: Telnet Password: a5a9ca70d8ce0e67
2019-10-21 17:25:04 [scrapy.middleware] INFO: Enabled extensions:
['scrapy.extensions.corestats.CoreStats',
 'scrapy.extensions.telnet.TelnetConsole',
 'scrapy.extensions.memusage.MemoryUsage',
 'scrapy.extensions.logstats.LogStats']
2019-10-21 17:25:04 [py.warnings] WARNING: /Users/tianxiaoyi/spider/sales_search_engine/crawler/crawler/middlewares.py:135: ScrapyDeprecationWarning: Importing from scrapy.xlib.pydispatch is deprecated and will no longer be supported in future Scrapy versions. If you just want to connect signals use the from_crawler class method, otherwise import pydispatch directly if needed. See: https://github.com/scrapy/scrapy/issues/1762
  from scrapy.xlib.pydispatch import dispatcher

2019-10-21 17:25:04 [scrapy.middleware] INFO: Enabled downloader middlewares:
['scrapy.downloadermiddlewares.httpauth.HttpAuthMiddleware',
 'scrapy.downloadermiddlewares.downloadtimeout.DownloadTimeoutMiddleware',
 'scrapy.downloadermiddlewares.defaultheaders.DefaultHeadersMiddleware',
 'crawler.middlewares.RandomUserAgentMiddleware',
 'scrapy.downloadermiddlewares.retry.RetryMiddleware',
 'scrapy.downloadermiddlewares.redirect.MetaRefreshMiddleware',
 'scrapy.downloadermiddlewares.httpcompression.HttpCompressionMiddleware',
 'scrapy.downloadermiddlewares.redirect.RedirectMiddleware',
 'scrapy.downloadermiddlewares.cookies.CookiesMiddleware',
 'scrapy.downloadermiddlewares.httpproxy.HttpProxyMiddleware',
 'scrapy.downloadermiddlewares.stats.DownloaderStats']
2019-10-21 17:25:04 [scrapy.middleware] INFO: Enabled spider middlewares:
['scrapy.spidermiddlewares.httperror.HttpErrorMiddleware',
 'scrapy.spidermiddlewares.offsite.OffsiteMiddleware',
 'scrapy.spidermiddlewares.referer.RefererMiddleware',
 'scrapy.spidermiddlewares.urllength.UrlLengthMiddleware',
 'scrapy.spidermiddlewares.depth.DepthMiddleware']
2019-10-21 17:25:04 [scrapy.middleware] INFO: Enabled item pipelines:
['crawler.pipelines.SqlitePipeline']
2019-10-21 17:25:04 [scrapy.core.engine] INFO: Spider opened
2019-10-21 17:25:04 [scrapy.extensions.logstats] INFO: Crawled 0 pages (at 0 pages/min), scraped 0 items (at 0 items/min)
2019-10-21 17:25:04 [scrapy.extensions.telnet] INFO: Telnet console listening on 127.0.0.1:6023
2019-10-21 17:25:08 [scrapy.core.engine] DEBUG: Crawled (200) <POST https://mynavi.agentsearch.jp/jobList/> (referer: None)
2019-10-21 17:25:22 [scrapy.core.engine] DEBUG: Crawled (200) <GET https://mynavi.agentsearch.jp/jobDetail/?jobId=31899071> (referer: https://mynavi.agentsearch.jp/jobList/)
2019-10-21 17:25:23 [urllib3.connectionpool] DEBUG: Starting new HTTPS connection (1): www.geocoding.jp:443
2019-10-21 17:25:23 [py.warnings] WARNING: /Users/tianxiaoyi/Envs/sales_search_engine/lib/python3.7/site-packages/urllib3/connectionpool.py:1004: InsecureRequestWarning: Unverified HTTPS request is being made. Adding certificate verification is strongly advised. See: https://urllib3.readthedocs.io/en/latest/advanced-usage.html#ssl-warnings
  InsecureRequestWarning,

2019-10-21 17:25:24 [urllib3.connectionpool] DEBUG: https://www.geocoding.jp:443 "GET /?q=%E6%A0%AA%E5%BC%8F%E4%BC%9A%E7%A4%BE%E3%83%AA%E3%83%B4%E3%83%88%E3%83%A9%E3%82%B9%E3%83%88 HTTP/1.1" 200 None
2019-10-21 17:25:24 [scrapy.core.scraper] DEBUG: Scraped from <200 https://mynavi.agentsearch.jp/jobDetail/?jobId=31899071>
{'annual_income_max': '1000',
 'annual_income_min': '300',
 'company_name': '株式会社リヴトラスト',
 'create_data': datetime.datetime(2019, 10, 21, 17, 25, 24, 217308),
 'job_name': '【完全未経験歓迎】稼ぎたいを応援※頑張っただけ評価される不動産営業職※正社員',
 'latitude': '35.662056',
 'link_url': 'https://mynavi.agentsearch.jp/jobDetail/?jobId=31899071',
 'longitude': '139.728451',
 'nearest_station': '東京都港区六本木7-18-18 住友ビル六本通ビル10階\\r...',
 'occupation': '営業',
 'published_time': '掲載開始日：2019.10.21終了予定日：2019.11.17',
 'source': 'マイナビ'}
2019-10-21 17:25:37 [scrapy.core.engine] DEBUG: Crawled (200) <GET https://mynavi.agentsearch.jp/jobDetail/?jobId=31978642> (referer: https://mynavi.agentsearch.jp/jobList/)
2019-10-21 17:25:37 [urllib3.connectionpool] DEBUG: Starting new HTTPS connection (1): www.geocoding.jp:443
2019-10-21 17:25:37 [py.warnings] WARNING: /Users/tianxiaoyi/Envs/sales_search_engine/lib/python3.7/site-packages/urllib3/connectionpool.py:1004: InsecureRequestWarning: Unverified HTTPS request is being made. Adding certificate verification is strongly advised. See: https://urllib3.readthedocs.io/en/latest/advanced-usage.html#ssl-warnings
  InsecureRequestWarning,

2019-10-21 17:25:38 [urllib3.connectionpool] DEBUG: https://www.geocoding.jp:443 "GET /?q=%E3%82%A2%E3%83%9E%E3%82%BE%E3%83%B3%E3%82%B8%E3%83%A3%E3%83%91%E3%83%B3%E5%90%88%E5%90%8C%E4%BC%9A%E7%A4%BE HTTP/1.1" 200 None
2019-10-21 17:25:38 [scrapy.core.scraper] DEBUG: Scraped from <200 https://mynavi.agentsearch.jp/jobDetail/?jobId=31978642>
{'annual_income_max': '1000',
 'annual_income_min': '700',
 'company_name': 'アマゾンジャパン合同会社',
 'create_data': datetime.datetime(2019, 10, 21, 17, 25, 38, 372089),
 'job_name': 'Strategic Account Manager正社員',
 'latitude': '35.631434',
 'link_url': 'https://mynavi.agentsearch.jp/jobDetail/?jobId=31978642',
 'longitude': '139.713973',
 'nearest_station': '東京都\\r目黒下目黒1－8－1アルコタワー（もしくはアネック...',
 'occupation': '営業',
 'published_time': '掲載開始日：2019.10.21終了予定日：2019.11.03',
 'source': 'マイナビ'}
2019-10-21 17:25:54 [scrapy.core.engine] DEBUG: Crawled (200) <GET https://mynavi.agentsearch.jp/jobDetail/?jobId=31710235> (referer: https://mynavi.agentsearch.jp/jobList/)
2019-10-21 17:25:54 [urllib3.connectionpool] DEBUG: Starting new HTTPS connection (1): www.geocoding.jp:443
2019-10-21 17:25:54 [py.warnings] WARNING: /Users/tianxiaoyi/Envs/sales_search_engine/lib/python3.7/site-packages/urllib3/connectionpool.py:1004: InsecureRequestWarning: Unverified HTTPS request is being made. Adding certificate verification is strongly advised. See: https://urllib3.readthedocs.io/en/latest/advanced-usage.html#ssl-warnings
  InsecureRequestWarning,

2019-10-21 17:25:56 [urllib3.connectionpool] DEBUG: https://www.geocoding.jp:443 "GET /?q=%E6%A0%AA%E5%BC%8F%E4%BC%9A%E7%A4%BE%E3%82%B3%E3%83%B3%E3%82%AB%E3%83%BC HTTP/1.1" 200 None
2019-10-21 17:25:56 [scrapy.core.scraper] DEBUG: Scraped from <200 https://mynavi.agentsearch.jp/jobDetail/?jobId=31710235>
{'annual_income_max': 0,
 'annual_income_min': 0,
 'company_name': '株式会社コンカー',
 'create_data': datetime.datetime(2019, 10, 21, 17, 25, 56, 27948),
 'job_name': 'Enterprise Sales正社員\r\n'
             '\t\t\t\t\t\t\t\t\t\t\t\t\t\t\t\t\tHigh Class',
 'latitude': '35.669701',
 'link_url': 'https://mynavi.agentsearch.jp/jobDetail/?jobId=31710235',
 'longitude': '139.764599',
 'nearest_station': '東京都 愛知県',
 'occupation': '営業',
 'published_time': '掲載開始日：2019.10.21終了予定日：2019.10.28',
 'source': 'マイナビ'}
2019-10-21 17:26:04 [scrapy.extensions.logstats] INFO: Crawled 4 pages (at 4 pages/min), scraped 3 items (at 3 items/min)
2019-10-21 17:26:07 [scrapy.core.engine] DEBUG: Crawled (200) <GET https://mynavi.agentsearch.jp/jobDetail/?jobId=31979036> (referer: https://mynavi.agentsearch.jp/jobList/)
2019-10-21 17:26:08 [urllib3.connectionpool] DEBUG: Starting new HTTPS connection (1): www.geocoding.jp:443
2019-10-21 17:26:08 [py.warnings] WARNING: /Users/tianxiaoyi/Envs/sales_search_engine/lib/python3.7/site-packages/urllib3/connectionpool.py:1004: InsecureRequestWarning: Unverified HTTPS request is being made. Adding certificate verification is strongly advised. See: https://urllib3.readthedocs.io/en/latest/advanced-usage.html#ssl-warnings
  InsecureRequestWarning,

2019-10-21 17:26:09 [urllib3.connectionpool] DEBUG: https://www.geocoding.jp:443 "GET /?q=%E6%A0%AA%E5%BC%8F%E4%BC%9A%E7%A4%BE%E3%83%AA%E3%83%B3%E3%82%AF%E3%82%B9 HTTP/1.1" 200 None
2019-10-21 17:26:09 [scrapy.core.scraper] DEBUG: Scraped from <200 https://mynavi.agentsearch.jp/jobDetail/?jobId=31979036>
{'annual_income_max': '700',
 'annual_income_min': '450',
 'company_name': '株式会社リンクス',
 'create_data': datetime.datetime(2019, 10, 21, 17, 26, 9, 904627),
 'job_name': '法人営業【東京勤務/当面転勤なし】正社員',
 'latitude': '35.635407',
 'link_url': 'https://mynavi.agentsearch.jp/jobDetail/?jobId=31979036',
 'longitude': '139.714103',
 'nearest_station': '東京都\\r品川区上大崎2-24-9\\u3000アイケイビルディング４F...',
 'occupation': '営業',
 'published_time': '掲載開始日：2019.10.21終了予定日：2019.11.03',
 'source': 'マイナビ'}
2019-10-21 17:26:23 [scrapy.core.engine] DEBUG: Crawled (200) <GET https://mynavi.agentsearch.jp/jobDetail/?jobId=31979090> (referer: https://mynavi.agentsearch.jp/jobList/)
2019-10-21 17:26:23 [urllib3.connectionpool] DEBUG: Starting new HTTPS connection (1): www.geocoding.jp:443
2019-10-21 17:26:23 [py.warnings] WARNING: /Users/tianxiaoyi/Envs/sales_search_engine/lib/python3.7/site-packages/urllib3/connectionpool.py:1004: InsecureRequestWarning: Unverified HTTPS request is being made. Adding certificate verification is strongly advised. See: https://urllib3.readthedocs.io/en/latest/advanced-usage.html#ssl-warnings
  InsecureRequestWarning,

2019-10-21 17:26:25 [urllib3.connectionpool] DEBUG: https://www.geocoding.jp:443 "GET /?q=%E3%82%AF%E3%83%BC%E3%83%91%E3%83%BC%E3%83%93%E3%82%B8%E3%83%A7%E3%83%B3%E3%83%BB%E3%82%B8%E3%83%A3%E3%83%91%E3%83%B3%E6%A0%AA%E5%BC%8F%E4%BC%9A%E7%A4%BE HTTP/1.1" 200 None
2019-10-21 17:26:25 [scrapy.core.scraper] DEBUG: Scraped from <200 https://mynavi.agentsearch.jp/jobDetail/?jobId=31979090>
{'annual_income_max': '600',
 'annual_income_min': '450',
 'company_name': 'クーパービジョン・ジャパン株式会社',
 'create_data': datetime.datetime(2019, 10, 21, 17, 26, 25, 220488),
 'job_name': 'セールスレップ【東京】正社員',
 'latitude': '35.665717',
 'link_url': 'https://mynavi.agentsearch.jp/jobDetail/?jobId=31979090',
 'longitude': '139.739417',
 'nearest_station': '東京都\\rホームオフィスより直行直帰',
 'occupation': '営業',
 'published_time': '掲載開始日：2019.10.21終了予定日：2019.11.03',
 'source': 'マイナビ'}
2019-10-21 17:26:41 [scrapy.core.engine] DEBUG: Crawled (200) <GET https://mynavi.agentsearch.jp/jobDetail/?jobId=31978752> (referer: https://mynavi.agentsearch.jp/jobList/)
2019-10-21 17:26:41 [urllib3.connectionpool] DEBUG: Starting new HTTPS connection (1): www.geocoding.jp:443
2019-10-21 17:26:41 [py.warnings] WARNING: /Users/tianxiaoyi/Envs/sales_search_engine/lib/python3.7/site-packages/urllib3/connectionpool.py:1004: InsecureRequestWarning: Unverified HTTPS request is being made. Adding certificate verification is strongly advised. See: https://urllib3.readthedocs.io/en/latest/advanced-usage.html#ssl-warnings
  InsecureRequestWarning,

2019-10-21 17:26:42 [urllib3.connectionpool] DEBUG: https://www.geocoding.jp:443 "GET /?q=%E4%B8%89%E5%9C%8B%E6%A9%9F%E6%A2%B0%E5%B7%A5%E6%A5%AD%E6%A0%AA%E5%BC%8F%E4%BC%9A%E7%A4%BE HTTP/1.1" 200 None
2019-10-21 17:26:42 [scrapy.core.scraper] DEBUG: Scraped from <200 https://mynavi.agentsearch.jp/jobDetail/?jobId=31978752>
{'annual_income_max': '800',
 'annual_income_min': '550',
 'company_name': '三國機械工業株式会社',
 'create_data': datetime.datetime(2019, 10, 21, 17, 26, 42, 682123),
 'job_name': '【プラント向け営業】※本社勤務※正社員',
 'latitude': '35.694026',
 'link_url': 'https://mynavi.agentsearch.jp/jobDetail/?jobId=31978752',
 'longitude': '139.793892',
 'nearest_station': '東京都\\r墨田区両国3丁目19番11号',
 'occupation': '営業',
 'published_time': '掲載開始日：2019.10.21終了予定日：2019.11.03',
 'source': 'マイナビ'}
2019-10-21 17:26:54 [scrapy.core.engine] DEBUG: Crawled (200) <GET https://mynavi.agentsearch.jp/jobDetail/?jobId=31979083> (referer: https://mynavi.agentsearch.jp/jobList/)
2019-10-21 17:26:54 [urllib3.connectionpool] DEBUG: Starting new HTTPS connection (1): www.geocoding.jp:443
2019-10-21 17:26:54 [py.warnings] WARNING: /Users/tianxiaoyi/Envs/sales_search_engine/lib/python3.7/site-packages/urllib3/connectionpool.py:1004: InsecureRequestWarning: Unverified HTTPS request is being made. Adding certificate verification is strongly advised. See: https://urllib3.readthedocs.io/en/latest/advanced-usage.html#ssl-warnings
  InsecureRequestWarning,

2019-10-21 17:26:55 [urllib3.connectionpool] DEBUG: https://www.geocoding.jp:443 "GET /?q=%E6%A0%AA%E5%BC%8F%E4%BC%9A%E7%A4%BELIFULL HTTP/1.1" 200 None
2019-10-21 17:26:55 [scrapy.core.scraper] DEBUG: Scraped from <200 https://mynavi.agentsearch.jp/jobDetail/?jobId=31979083>
{'annual_income_max': '575',
 'annual_income_min': '467',
 'company_name': '株式会社LIFULL',
 'create_data': datetime.datetime(2019, 10, 21, 17, 26, 55, 618931),
 'job_name': 'コンサルティング営業【本社勤務】日本一働きたい会社を目指して正社員',
 'latitude': '35.684311',
 'link_url': 'https://mynavi.agentsearch.jp/jobDetail/?jobId=31979083',
 'longitude': '139.743333',
 'nearest_station': '東京都\\r千代田区麹町1-4-4',
 'occupation': '営業',
 'published_time': '掲載開始日：2019.10.21終了予定日：2019.11.03',
 'source': 'マイナビ'}
2019-10-21 17:27:04 [scrapy.extensions.logstats] INFO: Crawled 8 pages (at 4 pages/min), scraped 7 items (at 4 items/min)
2019-10-21 17:27:07 [scrapy.core.engine] DEBUG: Crawled (200) <GET https://mynavi.agentsearch.jp/jobDetail/?jobId=31978810> (referer: https://mynavi.agentsearch.jp/jobList/)
2019-10-21 17:27:07 [urllib3.connectionpool] DEBUG: Starting new HTTPS connection (1): www.geocoding.jp:443
2019-10-21 17:27:07 [py.warnings] WARNING: /Users/tianxiaoyi/Envs/sales_search_engine/lib/python3.7/site-packages/urllib3/connectionpool.py:1004: InsecureRequestWarning: Unverified HTTPS request is being made. Adding certificate verification is strongly advised. See: https://urllib3.readthedocs.io/en/latest/advanced-usage.html#ssl-warnings
  InsecureRequestWarning,

2019-10-21 17:27:08 [urllib3.connectionpool] DEBUG: https://www.geocoding.jp:443 "GET /?q=%E5%AF%8C%E5%A3%AB%E9%80%9A%E6%A0%AA%E5%BC%8F%E4%BC%9A%E7%A4%BE HTTP/1.1" 200 None
2019-10-21 17:27:08 [scrapy.core.scraper] DEBUG: Scraped from <200 https://mynavi.agentsearch.jp/jobDetail/?jobId=31978810>
{'annual_income_max': '900',
 'annual_income_min': '500',
 'company_name': '富士通株式会社',
 'create_data': datetime.datetime(2019, 10, 21, 17, 27, 8, 645662),
 'job_name': '重電・産業用電気機器のお客様に対する個社アカウント営業正社員',
 'latitude': '36.657823',
 'link_url': 'https://mynavi.agentsearch.jp/jobDetail/?jobId=31978810',
 'longitude': '138.244319',
 'nearest_station': '東京都\\r港区東新橋1-5-2\\u3000汐留シティセンター',
 'occupation': '営業',
 'published_time': '掲載開始日：2019.10.21終了予定日：2019.11.03',
 'source': 'マイナビ'}
2019-10-21 17:27:24 [scrapy.core.engine] DEBUG: Crawled (200) <GET https://mynavi.agentsearch.jp/jobDetail/?jobId=31978832> (referer: https://mynavi.agentsearch.jp/jobList/)
2019-10-21 17:27:24 [urllib3.connectionpool] DEBUG: Starting new HTTPS connection (1): www.geocoding.jp:443
2019-10-21 17:27:24 [py.warnings] WARNING: /Users/tianxiaoyi/Envs/sales_search_engine/lib/python3.7/site-packages/urllib3/connectionpool.py:1004: InsecureRequestWarning: Unverified HTTPS request is being made. Adding certificate verification is strongly advised. See: https://urllib3.readthedocs.io/en/latest/advanced-usage.html#ssl-warnings
  InsecureRequestWarning,

2019-10-21 17:27:25 [urllib3.connectionpool] DEBUG: https://www.geocoding.jp:443 "GET /?q=%E6%A0%AA%E5%BC%8F%E4%BC%9A%E7%A4%BE%E3%83%9F%E3%82%B7%E3%83%A3%E3%82%B8%E3%83%A3%E3%83%91%E3%83%B3 HTTP/1.1" 200 None
2019-10-21 17:27:25 [scrapy.core.scraper] DEBUG: Scraped from <200 https://mynavi.agentsearch.jp/jobDetail/?jobId=31978832>
{'annual_income_max': '800',
 'annual_income_min': '500',
 'company_name': '株式会社ミシャジャパン',
 'create_data': datetime.datetime(2019, 10, 21, 17, 27, 25, 910590),
 'job_name': '営業マネージャー候補※韓国の最大手化粧品メーカー正社員',
 'latitude': '35.654034',
 'link_url': 'https://mynavi.agentsearch.jp/jobDetail/?jobId=31978832',
 'longitude': '139.754063',
 'nearest_station': '東京都\\r港区芝大門2-12-7RBM芝パークビル4階',
 'occupation': '営業',
 'published_time': '掲載開始日：2019.10.21終了予定日：2019.11.03',
 'source': 'マイナビ'}
2019-10-21 17:27:42 [scrapy.core.engine] DEBUG: Crawled (200) <GET https://mynavi.agentsearch.jp/jobDetail/?jobId=31979052> (referer: https://mynavi.agentsearch.jp/jobList/)
2019-10-21 17:27:42 [urllib3.connectionpool] DEBUG: Starting new HTTPS connection (1): www.geocoding.jp:443
2019-10-21 17:27:42 [py.warnings] WARNING: /Users/tianxiaoyi/Envs/sales_search_engine/lib/python3.7/site-packages/urllib3/connectionpool.py:1004: InsecureRequestWarning: Unverified HTTPS request is being made. Adding certificate verification is strongly advised. See: https://urllib3.readthedocs.io/en/latest/advanced-usage.html#ssl-warnings
  InsecureRequestWarning,

2019-10-21 17:27:43 [urllib3.connectionpool] DEBUG: https://www.geocoding.jp:443 "GET /?q=%E6%A0%AA%E5%BC%8F%E4%BC%9A%E7%A4%BE%E3%82%B0%E3%83%AD%E3%83%BC%E3%83%9E%E3%82%B9 HTTP/1.1" 200 None
2019-10-21 17:27:43 [scrapy.core.scraper] DEBUG: Scraped from <200 https://mynavi.agentsearch.jp/jobDetail/?jobId=31979052>
{'annual_income_max': '650',
 'annual_income_min': '450',
 'company_name': '株式会社グローマス',
 'create_data': datetime.datetime(2019, 10, 21, 17, 27, 43, 338476),
 'job_name': '【歯科業界特化のキャリアアドバイザー】リーダーorMGR正社員',
 'latitude': '35.694181',
 'link_url': 'https://mynavi.agentsearch.jp/jobDetail/?jobId=31979052',
 'longitude': '139.772926',
 'nearest_station': '東京都\\r千代田区神田東松下町38 鳥本鋼業ビル4F',
 'occupation': '営業',
 'published_time': '掲載開始日：2019.10.21終了予定日：2019.11.03',
 'source': 'マイナビ'}
2019-10-21 17:28:00 [scrapy.core.engine] DEBUG: Crawled (200) <GET https://mynavi.agentsearch.jp/jobDetail/?jobId=31978679> (referer: https://mynavi.agentsearch.jp/jobList/)
2019-10-21 17:28:00 [urllib3.connectionpool] DEBUG: Starting new HTTPS connection (1): www.geocoding.jp:443
2019-10-21 17:28:00 [py.warnings] WARNING: /Users/tianxiaoyi/Envs/sales_search_engine/lib/python3.7/site-packages/urllib3/connectionpool.py:1004: InsecureRequestWarning: Unverified HTTPS request is being made. Adding certificate verification is strongly advised. See: https://urllib3.readthedocs.io/en/latest/advanced-usage.html#ssl-warnings
  InsecureRequestWarning,

2019-10-21 17:28:01 [urllib3.connectionpool] DEBUG: https://www.geocoding.jp:443 "GET /?q=%E3%83%88%E3%83%A9%E3%83%B3%E3%82%B9%E3%82%B3%E3%82%B9%E3%83%A2%E3%82%B9%E6%A0%AA%E5%BC%8F%E4%BC%9A%E7%A4%BE HTTP/1.1" 200 None
2019-10-21 17:28:01 [scrapy.core.scraper] DEBUG: Scraped from <200 https://mynavi.agentsearch.jp/jobDetail/?jobId=31978679>
{'annual_income_max': '1000',
 'annual_income_min': '600',
 'company_name': 'トランスコスモス株式会社',
 'create_data': datetime.datetime(2019, 10, 21, 17, 28, 1, 838447),
 'job_name': 'Webマーケティングの企画提案営業（東）正社員',
 'latitude': '35.16812',
 'link_url': 'https://mynavi.agentsearch.jp/jobDetail/?jobId=31978679',
 'longitude': '136.90076',
 'nearest_station': '東京都\\r渋谷区渋谷3-25-18',
 'occupation': '営業',
 'published_time': '掲載開始日：2019.10.21終了予定日：2019.11.03',
 'source': 'マイナビ'}
2019-10-21 17:28:04 [scrapy.extensions.logstats] INFO: Crawled 12 pages (at 4 pages/min), scraped 11 items (at 4 items/min)
2019-10-21 17:28:17 [scrapy.core.engine] DEBUG: Crawled (200) <GET https://mynavi.agentsearch.jp/jobDetail/?jobId=31978852> (referer: https://mynavi.agentsearch.jp/jobList/)
2019-10-21 17:28:17 [urllib3.connectionpool] DEBUG: Starting new HTTPS connection (1): www.geocoding.jp:443
2019-10-21 17:28:17 [py.warnings] WARNING: /Users/tianxiaoyi/Envs/sales_search_engine/lib/python3.7/site-packages/urllib3/connectionpool.py:1004: InsecureRequestWarning: Unverified HTTPS request is being made. Adding certificate verification is strongly advised. See: https://urllib3.readthedocs.io/en/latest/advanced-usage.html#ssl-warnings
  InsecureRequestWarning,

2019-10-21 17:28:18 [urllib3.connectionpool] DEBUG: https://www.geocoding.jp:443 "GET /?q=%E6%A0%AA%E5%BC%8F%E4%BC%9A%E7%A4%BEPALTEK HTTP/1.1" 200 None
2019-10-21 17:28:18 [scrapy.core.scraper] DEBUG: Scraped from <200 https://mynavi.agentsearch.jp/jobDetail/?jobId=31978852>
{'annual_income_max': '750',
 'annual_income_min': '500',
 'company_name': '株式会社PALTEK',
 'create_data': datetime.datetime(2019, 10, 21, 17, 28, 18, 143814),
 'job_name': 'AIソリューション担当マーケティング正社員',
 'latitude': '35.507918',
 'link_url': 'https://mynavi.agentsearch.jp/jobDetail/?jobId=31978852',
 'longitude': '139.615168',
 'nearest_station': '神奈川県\\r横浜市港北区新横浜 2-3-12新横浜スクエアビ...',
 'occupation': '営業',
 'published_time': '掲載開始日：2019.10.21終了予定日：2019.11.03',
 'source': 'マイナビ'}
2019-10-21 17:28:31 [scrapy.core.engine] DEBUG: Crawled (200) <GET https://mynavi.agentsearch.jp/jobDetail/?jobId=31510708> (referer: https://mynavi.agentsearch.jp/jobList/)
2019-10-21 17:28:31 [urllib3.connectionpool] DEBUG: Starting new HTTPS connection (1): www.geocoding.jp:443
2019-10-21 17:28:31 [py.warnings] WARNING: /Users/tianxiaoyi/Envs/sales_search_engine/lib/python3.7/site-packages/urllib3/connectionpool.py:1004: InsecureRequestWarning: Unverified HTTPS request is being made. Adding certificate verification is strongly advised. See: https://urllib3.readthedocs.io/en/latest/advanced-usage.html#ssl-warnings
  InsecureRequestWarning,

2019-10-21 17:28:32 [urllib3.connectionpool] DEBUG: https://www.geocoding.jp:443 "GET /?q=%E5%BC%81%E8%AD%B7%E5%A3%AB%E3%83%89%E3%83%83%E3%83%88%E3%82%B3%E3%83%A0%E6%A0%AA%E5%BC%8F%E4%BC%9A%E7%A4%BE HTTP/1.1" 200 None
2019-10-21 17:28:32 [scrapy.core.scraper] DEBUG: Scraped from <200 https://mynavi.agentsearch.jp/jobDetail/?jobId=31510708>
{'annual_income_max': '500',
 'annual_income_min': '350',
 'company_name': '弁護士ドットコム株式会社',
 'create_data': datetime.datetime(2019, 10, 21, 17, 28, 32, 286222),
 'job_name': '税理士向けセールス（税理士ドットコム）正社員',
 'latitude': '35.665495',
 'link_url': 'https://mynavi.agentsearch.jp/jobDetail/?jobId=31510708',
 'longitude': '139.7361',
 'nearest_station': '東京都 港区',
 'occupation': '営業',
 'published_time': '掲載開始日：2019.10.21終了予定日：2019.11.17',
 'source': 'マイナビ'}
2019-10-21 17:28:48 [scrapy.core.engine] DEBUG: Crawled (200) <GET https://mynavi.agentsearch.jp/jobDetail/?jobId=31978686> (referer: https://mynavi.agentsearch.jp/jobList/)
2019-10-21 17:28:48 [urllib3.connectionpool] DEBUG: Starting new HTTPS connection (1): www.geocoding.jp:443
2019-10-21 17:28:48 [py.warnings] WARNING: /Users/tianxiaoyi/Envs/sales_search_engine/lib/python3.7/site-packages/urllib3/connectionpool.py:1004: InsecureRequestWarning: Unverified HTTPS request is being made. Adding certificate verification is strongly advised. See: https://urllib3.readthedocs.io/en/latest/advanced-usage.html#ssl-warnings
  InsecureRequestWarning,

2019-10-21 17:28:49 [urllib3.connectionpool] DEBUG: https://www.geocoding.jp:443 "GET /?q=%E6%A0%AA%E5%BC%8F%E4%BC%9A%E7%A4%BE%E3%82%A8%E3%83%8C%E3%83%BB%E3%83%86%E3%82%A3%E3%83%BB%E3%83%86%E3%82%A3%E3%83%BB%E3%83%87%E3%83%BC%E3%82%BF HTTP/1.1" 200 None
2019-10-21 17:28:49 [scrapy.core.scraper] DEBUG: Scraped from <200 https://mynavi.agentsearch.jp/jobDetail/?jobId=31978686>
{'annual_income_max': '1000',
 'annual_income_min': '600',
 'company_name': '株式会社エヌ・ティ・ティ・データ',
 'create_data': datetime.datetime(2019, 10, 21, 17, 28, 49, 599177),
 'job_name': '【法人】キャッシュレス決済のソリューション営業正社員',
 'latitude': '35.655958',
 'link_url': 'https://mynavi.agentsearch.jp/jobDetail/?jobId=31978686',
 'longitude': '139.796199',
 'nearest_station': '東京都\\r江東区豊洲3-3-3\\u3000豊洲センタービル',
 'occupation': '営業',
 'published_time': '掲載開始日：2019.10.21終了予定日：2019.11.03',
 'source': 'マイナビ'}
2019-10-21 17:29:01 [scrapy.core.engine] DEBUG: Crawled (200) <GET https://mynavi.agentsearch.jp/jobDetail/?jobId=31840690> (referer: https://mynavi.agentsearch.jp/jobList/)
2019-10-21 17:29:01 [urllib3.connectionpool] DEBUG: Starting new HTTPS connection (1): www.geocoding.jp:443
2019-10-21 17:29:01 [py.warnings] WARNING: /Users/tianxiaoyi/Envs/sales_search_engine/lib/python3.7/site-packages/urllib3/connectionpool.py:1004: InsecureRequestWarning: Unverified HTTPS request is being made. Adding certificate verification is strongly advised. See: https://urllib3.readthedocs.io/en/latest/advanced-usage.html#ssl-warnings
  InsecureRequestWarning,

2019-10-21 17:29:02 [urllib3.connectionpool] DEBUG: https://www.geocoding.jp:443 "GET /?q=%E3%82%A2%E3%82%AF%E3%82%B7%E3%82%B9%E3%82%B3%E3%83%B3%E3%82%B5%E3%83%AB%E3%83%86%E3%82%A3%E3%83%B3%E3%82%B0%E6%A0%AA%E5%BC%8F%E4%BC%9A%E7%A4%BE HTTP/1.1" 200 None
2019-10-21 17:29:02 [scrapy.core.scraper] DEBUG: Scraped from <200 https://mynavi.agentsearch.jp/jobDetail/?jobId=31840690>
{'annual_income_max': 0,
 'annual_income_min': 0,
 'company_name': 'アクシスコンサルティング株式会社',
 'create_data': datetime.datetime(2019, 10, 21, 17, 29, 2, 468634),
 'job_name': '人材紹介事業部\u3000法人営業マネージャ候補正社員',
 'latitude': '35.684445',
 'link_url': 'https://mynavi.agentsearch.jp/jobDetail/?jobId=31840690',
 'longitude': '139.737158',
 'nearest_station': '東京都',
 'occupation': '営業',
 'published_time': '掲載開始日：2019.10.21終了予定日：2019.11.17',
 'source': 'マイナビ'}
2019-10-21 17:29:04 [scrapy.extensions.logstats] INFO: Crawled 16 pages (at 4 pages/min), scraped 15 items (at 4 items/min)
2019-10-21 17:29:11 [scrapy.core.engine] DEBUG: Crawled (200) <GET https://mynavi.agentsearch.jp/jobDetail/?jobId=31978776> (referer: https://mynavi.agentsearch.jp/jobList/)
2019-10-21 17:29:11 [urllib3.connectionpool] DEBUG: Starting new HTTPS connection (1): www.geocoding.jp:443
2019-10-21 17:29:11 [py.warnings] WARNING: /Users/tianxiaoyi/Envs/sales_search_engine/lib/python3.7/site-packages/urllib3/connectionpool.py:1004: InsecureRequestWarning: Unverified HTTPS request is being made. Adding certificate verification is strongly advised. See: https://urllib3.readthedocs.io/en/latest/advanced-usage.html#ssl-warnings
  InsecureRequestWarning,

2019-10-21 17:29:12 [urllib3.connectionpool] DEBUG: https://www.geocoding.jp:443 "GET /?q=%E6%A0%AA%E5%BC%8F%E4%BC%9A%E7%A4%BE%E3%82%AA%E3%83%BC%E3%83%97%E3%83%B3%E3%82%A8%E3%82%A4%E3%83%88 HTTP/1.1" 200 None
2019-10-21 17:29:12 [scrapy.core.scraper] DEBUG: Scraped from <200 https://mynavi.agentsearch.jp/jobDetail/?jobId=31978776>
{'annual_income_max': '1500',
 'annual_income_min': '500',
 'company_name': '株式会社オープンエイト',
 'create_data': datetime.datetime(2019, 10, 21, 17, 29, 12, 357954),
 'job_name': 'オープンポジション正社員',
 'latitude': '35.66581',
 'link_url': 'https://mynavi.agentsearch.jp/jobDetail/?jobId=31978776',
 'longitude': '139.7032',
 'nearest_station': '東京都\\r渋谷区神宮前6-25-14 神宮前メディアスクエア...',
 'occupation': '営業',
 'published_time': '掲載開始日：2019.10.21終了予定日：2019.11.03',
 'source': 'マイナビ'}
2019-10-21 17:29:28 [scrapy.core.engine] DEBUG: Crawled (200) <GET https://mynavi.agentsearch.jp/jobDetail/?jobId=31979065> (referer: https://mynavi.agentsearch.jp/jobList/)
2019-10-21 17:29:28 [urllib3.connectionpool] DEBUG: Starting new HTTPS connection (1): www.geocoding.jp:443
2019-10-21 17:29:28 [py.warnings] WARNING: /Users/tianxiaoyi/Envs/sales_search_engine/lib/python3.7/site-packages/urllib3/connectionpool.py:1004: InsecureRequestWarning: Unverified HTTPS request is being made. Adding certificate verification is strongly advised. See: https://urllib3.readthedocs.io/en/latest/advanced-usage.html#ssl-warnings
  InsecureRequestWarning,

2019-10-21 17:29:29 [urllib3.connectionpool] DEBUG: https://www.geocoding.jp:443 "GET /?q=NEC%E3%83%8D%E3%83%83%E3%83%84%E3%82%A8%E3%82%B9%E3%82%A2%E3%82%A4%E6%A0%AA%E5%BC%8F%E4%BC%9A%E7%A4%BE HTTP/1.1" 200 None
2019-10-21 17:29:29 [scrapy.core.scraper] DEBUG: Scraped from <200 https://mynavi.agentsearch.jp/jobDetail/?jobId=31979065>
{'annual_income_max': '650',
 'annual_income_min': '450',
 'company_name': 'NECネッツエスアイ株式会社',
 'create_data': datetime.datetime(2019, 10, 21, 17, 29, 29, 899522),
 'job_name': '【金融機関向け】ソリューション営業※1回面接※正社員',
 'latitude': '35.705269',
 'link_url': 'https://mynavi.agentsearch.jp/jobDetail/?jobId=31979065',
 'longitude': '139.74514',
 'nearest_station': '東京都\\r文京区後楽2-6-1\\u3000飯田橋ファーストタワー',
 'occupation': '営業',
 'published_time': '掲載開始日：2019.10.21終了予定日：2019.11.03',
 'source': 'マイナビ'}
2019-10-21 17:29:43 [scrapy.core.engine] DEBUG: Crawled (200) <GET https://mynavi.agentsearch.jp/jobDetail/?jobId=31979077> (referer: https://mynavi.agentsearch.jp/jobList/)
2019-10-21 17:29:43 [urllib3.connectionpool] DEBUG: Starting new HTTPS connection (1): www.geocoding.jp:443
2019-10-21 17:29:43 [py.warnings] WARNING: /Users/tianxiaoyi/Envs/sales_search_engine/lib/python3.7/site-packages/urllib3/connectionpool.py:1004: InsecureRequestWarning: Unverified HTTPS request is being made. Adding certificate verification is strongly advised. See: https://urllib3.readthedocs.io/en/latest/advanced-usage.html#ssl-warnings
  InsecureRequestWarning,

2019-10-21 17:29:44 [urllib3.connectionpool] DEBUG: https://www.geocoding.jp:443 "GET /?q=%E6%A0%AA%E5%BC%8F%E4%BC%9A%E7%A4%BE%E3%83%92%E3%83%88%E3%83%BB%E3%82%B3%E3%83%9F%E3%83%A5%E3%83%8B%E3%82%B1%E3%83%BC%E3%82%B7%E3%83%A7%E3%83%B3%E3%82%BA HTTP/1.1" 200 None
2019-10-21 17:29:44 [scrapy.core.scraper] DEBUG: Scraped from <200 https://mynavi.agentsearch.jp/jobDetail/?jobId=31979077>
{'annual_income_max': '600',
 'annual_income_min': '450',
 'company_name': '株式会社ヒト・コミュニケーションズ',
 'create_data': datetime.datetime(2019, 10, 21, 17, 29, 44, 369234),
 'job_name': '【BPOサービスの提案営業】※裁量範囲広い/提案幅広い正社員',
 'latitude': '35.173063',
 'link_url': 'https://mynavi.agentsearch.jp/jobDetail/?jobId=31979077',
 'longitude': '136.882257',
 'nearest_station': '東京都\\r豊島区東池袋1-9-6 ヒトコムjobビル2F',
 'occupation': '営業',
 'published_time': '掲載開始日：2019.10.21終了予定日：2019.11.03',
 'source': 'マイナビ'}
2019-10-21 17:29:58 [scrapy.core.engine] DEBUG: Crawled (200) <GET https://mynavi.agentsearch.jp/jobDetail/?jobId=31978956> (referer: https://mynavi.agentsearch.jp/jobList/)
2019-10-21 17:29:58 [urllib3.connectionpool] DEBUG: Starting new HTTPS connection (1): www.geocoding.jp:443
2019-10-21 17:29:58 [py.warnings] WARNING: /Users/tianxiaoyi/Envs/sales_search_engine/lib/python3.7/site-packages/urllib3/connectionpool.py:1004: InsecureRequestWarning: Unverified HTTPS request is being made. Adding certificate verification is strongly advised. See: https://urllib3.readthedocs.io/en/latest/advanced-usage.html#ssl-warnings
  InsecureRequestWarning,

2019-10-21 17:29:59 [urllib3.connectionpool] DEBUG: https://www.geocoding.jp:443 "GET /?q=%E3%82%BD%E3%83%95%E3%83%88%E3%83%90%E3%83%B3%E3%82%AF%E3%83%BB%E3%83%86%E3%82%AF%E3%83%8E%E3%83%AD%E3%82%B8%E3%83%BC%E6%A0%AA%E5%BC%8F%E4%BC%9A%E7%A4%BE HTTP/1.1" 200 None
2019-10-21 17:29:59 [scrapy.core.scraper] DEBUG: Scraped from <200 https://mynavi.agentsearch.jp/jobDetail/?jobId=31978956>
{'annual_income_max': '901',
 'annual_income_min': '495',
 'company_name': 'ソフトバンク・テクノロジー株式会社',
 'create_data': datetime.datetime(2019, 10, 21, 17, 29, 59, 442676),
 'job_name': '公共向け（中央省庁/独立行政法人/地方自治体）営業正社員',
 'latitude': '35.696643',
 'link_url': 'https://mynavi.agentsearch.jp/jobDetail/?jobId=31978956',
 'longitude': '139.708779',
 'nearest_station': '東京都\\r新宿区新宿六丁目27番30号\\u3000新宿イーストサイドス...',
 'occupation': '営業',
 'published_time': '掲載開始日：2019.10.21終了予定日：2019.11.03',
 'source': 'マイナビ'}
2019-10-21 17:30:04 [scrapy.extensions.logstats] INFO: Crawled 20 pages (at 4 pages/min), scraped 19 items (at 4 items/min)
2019-10-21 17:30:09 [scrapy.core.engine] DEBUG: Crawled (200) <GET https://mynavi.agentsearch.jp/jobDetail/?jobId=31978925> (referer: https://mynavi.agentsearch.jp/jobList/)
2019-10-21 17:30:10 [urllib3.connectionpool] DEBUG: Starting new HTTPS connection (1): www.geocoding.jp:443
2019-10-21 17:30:10 [py.warnings] WARNING: /Users/tianxiaoyi/Envs/sales_search_engine/lib/python3.7/site-packages/urllib3/connectionpool.py:1004: InsecureRequestWarning: Unverified HTTPS request is being made. Adding certificate verification is strongly advised. See: https://urllib3.readthedocs.io/en/latest/advanced-usage.html#ssl-warnings
  InsecureRequestWarning,

2019-10-21 17:30:11 [urllib3.connectionpool] DEBUG: https://www.geocoding.jp:443 "GET /?q=%E5%AF%8C%E5%A3%AB%E9%80%9A%E6%A0%AA%E5%BC%8F%E4%BC%9A%E7%A4%BE HTTP/1.1" 200 None
2019-10-21 17:30:11 [scrapy.core.scraper] DEBUG: Scraped from <200 https://mynavi.agentsearch.jp/jobDetail/?jobId=31978925>
{'annual_income_max': '650',
 'annual_income_min': '500',
 'company_name': '富士通株式会社',
 'create_data': datetime.datetime(2019, 10, 21, 17, 30, 11, 506210),
 'job_name': '顧客通信キャリア会社との協創ビジネス企画立案・実施正社員',
 'latitude': '36.657823',
 'link_url': 'https://mynavi.agentsearch.jp/jobDetail/?jobId=31978925',
 'longitude': '138.244319',
 'nearest_station': '東京都\\r港区東新橋1-5-2\\u3000汐留シティセンター',
 'occupation': '営業',
 'published_time': '掲載開始日：2019.10.21終了予定日：2019.11.03',
 'source': 'マイナビ'}
2019-10-21 17:30:19 [scrapy.core.engine] DEBUG: Crawled (200) <GET https://mynavi.agentsearch.jp/jobDetail/?jobId=31978656> (referer: https://mynavi.agentsearch.jp/jobList/)
2019-10-21 17:30:20 [urllib3.connectionpool] DEBUG: Starting new HTTPS connection (1): www.geocoding.jp:443
2019-10-21 17:30:20 [py.warnings] WARNING: /Users/tianxiaoyi/Envs/sales_search_engine/lib/python3.7/site-packages/urllib3/connectionpool.py:1004: InsecureRequestWarning: Unverified HTTPS request is being made. Adding certificate verification is strongly advised. See: https://urllib3.readthedocs.io/en/latest/advanced-usage.html#ssl-warnings
  InsecureRequestWarning,

2019-10-21 17:30:21 [urllib3.connectionpool] DEBUG: https://www.geocoding.jp:443 "GET /?q=%E6%A0%AA%E5%BC%8F%E4%BC%9A%E7%A4%BE%E3%82%A4%E3%83%8E%E3%83%99%E3%83%B3%E3%83%88 HTTP/1.1" 200 None
2019-10-21 17:30:21 [scrapy.core.scraper] DEBUG: Scraped from <200 https://mynavi.agentsearch.jp/jobDetail/?jobId=31978656>
{'annual_income_max': '700',
 'annual_income_min': '700',
 'company_name': '株式会社イノベント',
 'create_data': datetime.datetime(2019, 10, 21, 17, 30, 21, 128701),
 'job_name': '【幹部候補】展示会の提案営業（住宅・IR業界）正社員',
 'latitude': '35.66808',
 'link_url': 'https://mynavi.agentsearch.jp/jobDetail/?jobId=31978656',
 'longitude': '139.715955',
 'nearest_station': '東京都\\r港区南青山3-1-31 NBF南青山ビル2F',
 'occupation': '営業',
 'published_time': '掲載開始日：2019.10.21終了予定日：2019.11.03',
 'source': 'マイナビ'}
2019-10-21 17:30:31 [scrapy.core.engine] DEBUG: Crawled (200) <GET https://mynavi.agentsearch.jp/jobDetail/?jobId=31979067> (referer: https://mynavi.agentsearch.jp/jobList/)
2019-10-21 17:30:32 [urllib3.connectionpool] DEBUG: Starting new HTTPS connection (1): www.geocoding.jp:443
2019-10-21 17:30:32 [py.warnings] WARNING: /Users/tianxiaoyi/Envs/sales_search_engine/lib/python3.7/site-packages/urllib3/connectionpool.py:1004: InsecureRequestWarning: Unverified HTTPS request is being made. Adding certificate verification is strongly advised. See: https://urllib3.readthedocs.io/en/latest/advanced-usage.html#ssl-warnings
  InsecureRequestWarning,

2019-10-21 17:30:33 [urllib3.connectionpool] DEBUG: https://www.geocoding.jp:443 "GET /?q=%E6%A0%AA%E5%BC%8F%E4%BC%9A%E7%A4%BE%E3%83%AC%E3%82%A2%E3%82%B8%E3%83%A7%E3%83%96 HTTP/1.1" 200 None
2019-10-21 17:30:33 [scrapy.core.scraper] DEBUG: Scraped from <200 https://mynavi.agentsearch.jp/jobDetail/?jobId=31979067>
{'annual_income_max': '650',
 'annual_income_min': '480',
 'company_name': '株式会社レアジョブ',
 'create_data': datetime.datetime(2019, 10, 21, 17, 30, 33, 140843),
 'job_name': '法人営業【東京】正社員',
 'latitude': '35.666473',
 'link_url': 'https://mynavi.agentsearch.jp/jobDetail/?jobId=31979067',
 'longitude': '139.703619',
 'nearest_station': '東京都\\r渋谷区神宮前6-27-8 京セラ原宿ビル2階',
 'occupation': '営業',
 'published_time': '掲載開始日：2019.10.21終了予定日：2019.11.03',
 'source': 'マイナビ'}
2019-10-21 17:30:41 [scrapy.core.engine] DEBUG: Crawled (200) <GET https://mynavi.agentsearch.jp/jobDetail/?jobId=31978916> (referer: https://mynavi.agentsearch.jp/jobList/)
2019-10-21 17:30:41 [urllib3.connectionpool] DEBUG: Starting new HTTPS connection (1): www.geocoding.jp:443
2019-10-21 17:30:41 [py.warnings] WARNING: /Users/tianxiaoyi/Envs/sales_search_engine/lib/python3.7/site-packages/urllib3/connectionpool.py:1004: InsecureRequestWarning: Unverified HTTPS request is being made. Adding certificate verification is strongly advised. See: https://urllib3.readthedocs.io/en/latest/advanced-usage.html#ssl-warnings
  InsecureRequestWarning,

2019-10-21 17:30:42 [urllib3.connectionpool] DEBUG: https://www.geocoding.jp:443 "GET /?q=%E6%A0%AA%E5%BC%8F%E4%BC%9A%E7%A4%BE%E8%A5%BF%E6%9D%91%E5%95%86%E4%BC%9A HTTP/1.1" 200 None
2019-10-21 17:30:42 [scrapy.core.scraper] DEBUG: Scraped from <200 https://mynavi.agentsearch.jp/jobDetail/?jobId=31978916>
{'annual_income_max': '650',
 'annual_income_min': '500',
 'company_name': '株式会社西村商会',
 'create_data': datetime.datetime(2019, 10, 21, 17, 30, 42, 299897),
 'job_name': '【東京】法人営業\u3000※残業少※裁量ある営業スタイル※正社員',
 'latitude': '34.686638',
 'link_url': 'https://mynavi.agentsearch.jp/jobDetail/?jobId=31978916',
 'longitude': '135.493647',
 'nearest_station': '東京都\\r千代田区内幸町1-1-1帝国ホテルタワー7階',
 'occupation': '営業',
 'published_time': '掲載開始日：2019.10.21終了予定日：2019.11.03',
 'source': 'マイナビ'}
2019-10-21 17:30:52 [scrapy.core.engine] DEBUG: Crawled (200) <GET https://mynavi.agentsearch.jp/jobDetail/?jobId=31978844> (referer: https://mynavi.agentsearch.jp/jobList/)
2019-10-21 17:30:52 [urllib3.connectionpool] DEBUG: Starting new HTTPS connection (1): www.geocoding.jp:443
2019-10-21 17:30:52 [py.warnings] WARNING: /Users/tianxiaoyi/Envs/sales_search_engine/lib/python3.7/site-packages/urllib3/connectionpool.py:1004: InsecureRequestWarning: Unverified HTTPS request is being made. Adding certificate verification is strongly advised. See: https://urllib3.readthedocs.io/en/latest/advanced-usage.html#ssl-warnings
  InsecureRequestWarning,

2019-10-21 17:30:54 [urllib3.connectionpool] DEBUG: https://www.geocoding.jp:443 "GET /?q=%E6%A0%AA%E5%BC%8F%E4%BC%9A%E7%A4%BE%E3%83%96%E3%83%AC%E3%82%A4%E3%83%B3%E3%83%91%E3%83%83%E3%83%89 HTTP/1.1" 200 None
2019-10-21 17:30:54 [scrapy.core.scraper] DEBUG: Scraped from <200 https://mynavi.agentsearch.jp/jobDetail/?jobId=31978844>
{'annual_income_max': '800',
 'annual_income_min': '500',
 'company_name': '株式会社ブレインパッド',
 'create_data': datetime.datetime(2019, 10, 21, 17, 30, 54, 505804),
 'job_name': 'AIコンサルティング営業正社員',
 'latitude': '35.638096',
 'link_url': 'https://mynavi.agentsearch.jp/jobDetail/?jobId=31978844',
 'longitude': '139.726867',
 'nearest_station': '東京都\\r港区白金台3-2-10白金台ビル3F',
 'occupation': '営業',
 'published_time': '掲載開始日：2019.10.21終了予定日：2019.11.03',
 'source': 'マイナビ'}
2019-10-21 17:31:01 [scrapy.core.engine] DEBUG: Crawled (200) <GET https://mynavi.agentsearch.jp/jobDetail/?jobId=31651056> (referer: https://mynavi.agentsearch.jp/jobList/)
2019-10-21 17:31:01 [urllib3.connectionpool] DEBUG: Starting new HTTPS connection (1): www.geocoding.jp:443
2019-10-21 17:31:01 [py.warnings] WARNING: /Users/tianxiaoyi/Envs/sales_search_engine/lib/python3.7/site-packages/urllib3/connectionpool.py:1004: InsecureRequestWarning: Unverified HTTPS request is being made. Adding certificate verification is strongly advised. See: https://urllib3.readthedocs.io/en/latest/advanced-usage.html#ssl-warnings
  InsecureRequestWarning,

2019-10-21 17:31:02 [urllib3.connectionpool] DEBUG: https://www.geocoding.jp:443 "GET /?q=%EF%BC%88%E6%A0%AA%EF%BC%89%E3%82%A8%E3%83%BC%E3%82%B8%E3%83%BC%E3%82%A8%E3%83%AB HTTP/1.1" 200 None
2019-10-21 17:31:02 [scrapy.core.scraper] DEBUG: Scraped from <200 https://mynavi.agentsearch.jp/jobDetail/?jobId=31651056>
{'annual_income_max': 0,
 'annual_income_min': 0,
 'company_name': '（株）エージーエル',
 'create_data': datetime.datetime(2019, 10, 21, 17, 31, 2, 706750),
 'job_name': '物流ソリューションの提案営業/日鉄住金物産100％子会社/黒字経営/転勤なし/国際物流のプロ正社員',
 'latitude': '35.67143',
 'link_url': 'https://mynavi.agentsearch.jp/jobDetail/?jobId=31651056',
 'longitude': '139.727235',
 'nearest_station': '東京都港区赤坂（最寄駅：東京メトロ銀座・半蔵門 線「青山一丁',
 'occupation': '営業',
 'published_time': '掲載開始日：2019.10.21終了予定日：2019.11.17',
 'source': 'マイナビ'}
2019-10-21 17:31:04 [scrapy.extensions.logstats] INFO: Crawled 26 pages (at 6 pages/min), scraped 25 items (at 6 items/min)
2019-10-21 17:31:17 [scrapy.core.engine] DEBUG: Crawled (200) <GET https://mynavi.agentsearch.jp/jobDetail/?jobId=31978720> (referer: https://mynavi.agentsearch.jp/jobList/)
2019-10-21 17:31:17 [urllib3.connectionpool] DEBUG: Starting new HTTPS connection (1): www.geocoding.jp:443
2019-10-21 17:31:17 [py.warnings] WARNING: /Users/tianxiaoyi/Envs/sales_search_engine/lib/python3.7/site-packages/urllib3/connectionpool.py:1004: InsecureRequestWarning: Unverified HTTPS request is being made. Adding certificate verification is strongly advised. See: https://urllib3.readthedocs.io/en/latest/advanced-usage.html#ssl-warnings
  InsecureRequestWarning,

2019-10-21 17:31:18 [urllib3.connectionpool] DEBUG: https://www.geocoding.jp:443 "GET /?q=%E6%97%A5%E9%89%84%E3%82%A8%E3%83%B3%E3%82%B8%E3%83%8B%E3%82%A2%E3%83%AA%E3%83%B3%E3%82%B0%E6%A0%AA%E5%BC%8F%E4%BC%9A%E7%A4%BE HTTP/1.1" 200 None
2019-10-21 17:31:18 [scrapy.core.scraper] DEBUG: Scraped from <200 https://mynavi.agentsearch.jp/jobDetail/?jobId=31978720>
{'annual_income_max': '800',
 'annual_income_min': '600',
 'company_name': '日鉄エンジニアリング株式会社',
 'create_data': datetime.datetime(2019, 10, 21, 17, 31, 18, 406380),
 'job_name': '【文系総合職】日本製鉄グループ正社員',
 'latitude': '35.621205',
 'link_url': 'https://mynavi.agentsearch.jp/jobDetail/?jobId=31978720',
 'longitude': '139.728358',
 'nearest_station': '東京都\\r品川区大崎1-5-1\\u3000大崎センタービル',
 'occupation': '営業',
 'published_time': '掲載開始日：2019.10.21終了予定日：2019.11.03',
 'source': 'マイナビ'}
2019-10-21 17:31:27 [scrapy.core.engine] DEBUG: Crawled (200) <GET https://mynavi.agentsearch.jp/jobDetail/?jobId=31979006> (referer: https://mynavi.agentsearch.jp/jobList/)
2019-10-21 17:31:27 [urllib3.connectionpool] DEBUG: Starting new HTTPS connection (1): www.geocoding.jp:443
2019-10-21 17:31:27 [py.warnings] WARNING: /Users/tianxiaoyi/Envs/sales_search_engine/lib/python3.7/site-packages/urllib3/connectionpool.py:1004: InsecureRequestWarning: Unverified HTTPS request is being made. Adding certificate verification is strongly advised. See: https://urllib3.readthedocs.io/en/latest/advanced-usage.html#ssl-warnings
  InsecureRequestWarning,

2019-10-21 17:31:28 [urllib3.connectionpool] DEBUG: https://www.geocoding.jp:443 "GET /?q=%E3%82%A2%E3%82%A4%E3%83%87%E3%83%83%E3%82%AF%E3%82%B9%20%E3%83%A9%E3%83%9C%E3%83%A9%E3%83%88%E3%83%AA%E3%83%BC%E3%82%BA%E6%A0%AA%E5%BC%8F%E4%BC%9A%E7%A4%BE HTTP/1.1" 200 None
2019-10-21 17:31:28 [scrapy.core.scraper] DEBUG: Scraped from <200 https://mynavi.agentsearch.jp/jobDetail/?jobId=31979006>
{'annual_income_max': '740',
 'annual_income_min': '450',
 'company_name': 'アイデックス ラボラトリーズ株式会社',
 'create_data': datetime.datetime(2019, 10, 21, 17, 31, 28, 433196),
 'job_name': '動物病院営業（ペット動物）大阪・奈良・和歌山※転勤無※正社員',
 'latitude': '35.675122',
 'link_url': 'https://mynavi.agentsearch.jp/jobDetail/?jobId=31979006',
 'longitude': '139.659012',
 'nearest_station': '大阪府\\rエリア',
 'occupation': '営業',
 'published_time': '掲載開始日：2019.10.21終了予定日：2019.11.03',
 'source': 'マイナビ'}
2019-10-21 17:31:42 [scrapy.core.engine] DEBUG: Crawled (200) <GET https://mynavi.agentsearch.jp/jobDetail/?jobId=31978678> (referer: https://mynavi.agentsearch.jp/jobList/)
2019-10-21 17:31:42 [urllib3.connectionpool] DEBUG: Starting new HTTPS connection (1): www.geocoding.jp:443
2019-10-21 17:31:42 [py.warnings] WARNING: /Users/tianxiaoyi/Envs/sales_search_engine/lib/python3.7/site-packages/urllib3/connectionpool.py:1004: InsecureRequestWarning: Unverified HTTPS request is being made. Adding certificate verification is strongly advised. See: https://urllib3.readthedocs.io/en/latest/advanced-usage.html#ssl-warnings
  InsecureRequestWarning,

2019-10-21 17:31:43 [urllib3.connectionpool] DEBUG: https://www.geocoding.jp:443 "GET /?q=%E6%97%A5%E6%9C%AC%E3%82%A8%E3%82%A2%E3%83%AD%E3%82%B9%E3%83%9A%E3%83%BC%E3%82%B9%E6%A0%AA%E5%BC%8F%E4%BC%9A%E7%A4%BE HTTP/1.1" 200 None
2019-10-21 17:31:43 [scrapy.core.scraper] DEBUG: Scraped from <200 https://mynavi.agentsearch.jp/jobDetail/?jobId=31978678>
{'annual_income_max': '1000',
 'annual_income_min': '600',
 'company_name': '日本エアロスペース株式会社',
 'create_data': datetime.datetime(2019, 10, 21, 17, 31, 43, 445541),
 'job_name': '営業総合職【青山一丁目駅直結】正社員',
 'latitude': '35.672495',
 'link_url': 'https://mynavi.agentsearch.jp/jobDetail/?jobId=31978678',
 'longitude': '139.724715',
 'nearest_station': '東京都\\r港区南青山1-1-1\\u3000新青山ビル\\u3000西館20Ｆ',
 'occupation': '営業',
 'published_time': '掲載開始日：2019.10.21終了予定日：2019.11.03',
 'source': 'マイナビ'}
2019-10-21 17:31:55 [scrapy.core.engine] DEBUG: Crawled (200) <GET https://mynavi.agentsearch.jp/jobDetail/?jobId=31978898> (referer: https://mynavi.agentsearch.jp/jobList/)
2019-10-21 17:31:55 [urllib3.connectionpool] DEBUG: Starting new HTTPS connection (1): www.geocoding.jp:443
2019-10-21 17:31:55 [py.warnings] WARNING: /Users/tianxiaoyi/Envs/sales_search_engine/lib/python3.7/site-packages/urllib3/connectionpool.py:1004: InsecureRequestWarning: Unverified HTTPS request is being made. Adding certificate verification is strongly advised. See: https://urllib3.readthedocs.io/en/latest/advanced-usage.html#ssl-warnings
  InsecureRequestWarning,

2019-10-21 17:31:56 [urllib3.connectionpool] DEBUG: https://www.geocoding.jp:443 "GET /?q=%E3%82%B8%E3%83%A3%E3%83%91%E3%83%8B%E3%82%A2%E3%82%B9%E6%A0%AA%E5%BC%8F%E4%BC%9A%E7%A4%BE HTTP/1.1" 200 None
2019-10-21 17:31:56 [scrapy.core.scraper] DEBUG: Scraped from <200 https://mynavi.agentsearch.jp/jobDetail/?jobId=31978898>
{'annual_income_max': '3000',
 'annual_income_min': '700',
 'company_name': 'ジャパニアス株式会社',
 'create_data': datetime.datetime(2019, 10, 21, 17, 31, 56, 465605),
 'job_name': '営業職【横浜】正社員',
 'latitude': '35.454548',
 'link_url': 'https://mynavi.agentsearch.jp/jobDetail/?jobId=31978898',
 'longitude': '139.631573',
 'nearest_station': '神奈川県\\r横浜市西区みなとみらい2-2-1横浜ランドマーク...',
 'occupation': '営業',
 'published_time': '掲載開始日：2019.10.21終了予定日：2019.11.03',
 'source': 'マイナビ'}
2019-10-21 17:32:04 [scrapy.extensions.logstats] INFO: Crawled 30 pages (at 4 pages/min), scraped 29 items (at 4 items/min)
2019-10-21 17:32:10 [scrapy.core.engine] DEBUG: Crawled (200) <GET https://mynavi.agentsearch.jp/jobDetail/?jobId=31979111> (referer: https://mynavi.agentsearch.jp/jobList/)
2019-10-21 17:32:10 [urllib3.connectionpool] DEBUG: Starting new HTTPS connection (1): www.geocoding.jp:443
2019-10-21 17:32:10 [py.warnings] WARNING: /Users/tianxiaoyi/Envs/sales_search_engine/lib/python3.7/site-packages/urllib3/connectionpool.py:1004: InsecureRequestWarning: Unverified HTTPS request is being made. Adding certificate verification is strongly advised. See: https://urllib3.readthedocs.io/en/latest/advanced-usage.html#ssl-warnings
  InsecureRequestWarning,

2019-10-21 17:32:11 [urllib3.connectionpool] DEBUG: https://www.geocoding.jp:443 "GET /?q=NEC%E3%83%8D%E3%83%83%E3%83%84%E3%82%A8%E3%82%B9%E3%82%A2%E3%82%A4%E6%A0%AA%E5%BC%8F%E4%BC%9A%E7%A4%BE HTTP/1.1" 200 None
2019-10-21 17:32:11 [scrapy.core.scraper] DEBUG: Scraped from <200 https://mynavi.agentsearch.jp/jobDetail/?jobId=31979111>
{'annual_income_max': '520',
 'annual_income_min': '450',
 'company_name': 'NECネッツエスアイ株式会社',
 'create_data': datetime.datetime(2019, 10, 21, 17, 32, 11, 519360),
 'job_name': '【中堅企業・情報サービス業】ソリューション営業※1回面接※正社員',
 'latitude': '36.063228',
 'link_url': 'https://mynavi.agentsearch.jp/jobDetail/?jobId=31979111',
 'longitude': '136.222027',
 'nearest_station': '東京都\\r文京区後楽2-6-1\\u3000飯田橋ファーストタワー',
 'occupation': '営業',
 'published_time': '掲載開始日：2019.10.21終了予定日：2019.11.03',
 'source': 'マイナビ'}
2019-10-21 17:32:26 [scrapy.core.engine] DEBUG: Crawled (200) <GET https://mynavi.agentsearch.jp/jobDetail/?jobId=31978849> (referer: https://mynavi.agentsearch.jp/jobList/)
2019-10-21 17:32:27 [urllib3.connectionpool] DEBUG: Starting new HTTPS connection (1): www.geocoding.jp:443
2019-10-21 17:32:27 [py.warnings] WARNING: /Users/tianxiaoyi/Envs/sales_search_engine/lib/python3.7/site-packages/urllib3/connectionpool.py:1004: InsecureRequestWarning: Unverified HTTPS request is being made. Adding certificate verification is strongly advised. See: https://urllib3.readthedocs.io/en/latest/advanced-usage.html#ssl-warnings
  InsecureRequestWarning,

2019-10-21 17:32:28 [urllib3.connectionpool] DEBUG: https://www.geocoding.jp:443 "GET /?q=%E3%82%B3%E3%83%9F%E3%83%83%E3%82%AF%E3%82%B9%E3%83%9E%E3%83%BC%E3%83%88%E6%A0%AA%E5%BC%8F%E4%BC%9A%E7%A4%BE HTTP/1.1" 200 None
2019-10-21 17:32:28 [scrapy.core.scraper] DEBUG: Scraped from <200 https://mynavi.agentsearch.jp/jobDetail/?jobId=31978849>
{'annual_income_max': '800',
 'annual_income_min': '500',
 'company_name': 'コミックスマート株式会社',
 'create_data': datetime.datetime(2019, 10, 21, 17, 32, 28, 227133),
 'job_name': '【マネージャー候補】広告企画・提案営業\u3000※GANMA漫画正社員',
 'latitude': '35.695795',
 'link_url': 'https://mynavi.agentsearch.jp/jobDetail/?jobId=31978849',
 'longitude': '139.690389',
 'nearest_station': '東京都\\r新宿区西新宿8-17-1住友不動産新宿グランドタワ...',
 'occupation': '営業',
 'published_time': '掲載開始日：2019.10.21終了予定日：2019.11.03',
 'source': 'マイナビ'}
2019-10-21 17:32:40 [scrapy.core.engine] DEBUG: Crawled (200) <GET https://mynavi.agentsearch.jp/jobDetail/?jobId=31978943> (referer: https://mynavi.agentsearch.jp/jobList/)
2019-10-21 17:32:40 [urllib3.connectionpool] DEBUG: Starting new HTTPS connection (1): www.geocoding.jp:443
2019-10-21 17:32:40 [py.warnings] WARNING: /Users/tianxiaoyi/Envs/sales_search_engine/lib/python3.7/site-packages/urllib3/connectionpool.py:1004: InsecureRequestWarning: Unverified HTTPS request is being made. Adding certificate verification is strongly advised. See: https://urllib3.readthedocs.io/en/latest/advanced-usage.html#ssl-warnings
  InsecureRequestWarning,

2019-10-21 17:32:41 [urllib3.connectionpool] DEBUG: https://www.geocoding.jp:443 "GET /?q=%E6%A0%AA%E5%BC%8F%E4%BC%9A%E7%A4%BE%E3%82%AA%E3%83%BC%E3%83%97%E3%83%B3%E3%83%8F%E3%82%A6%E3%82%B9 HTTP/1.1" 200 None
2019-10-21 17:32:41 [scrapy.core.scraper] DEBUG: Scraped from <200 https://mynavi.agentsearch.jp/jobDetail/?jobId=31978943>
{'annual_income_max': '500',
 'annual_income_min': '500',
 'company_name': '株式会社オープンハウス',
 'create_data': datetime.datetime(2019, 10, 21, 17, 32, 41, 624181),
 'job_name': 'マンション営業※未経験者歓迎正社員',
 'latitude': '35.681235',
 'link_url': 'https://mynavi.agentsearch.jp/jobDetail/?jobId=31978943',
 'longitude': '139.763995',
 'nearest_station': '東京都\\r千代田区丸の内2-4-1\\u3000丸の内ビルディング12F...',
 'occupation': '営業',
 'published_time': '掲載開始日：2019.10.21終了予定日：2019.11.03',
 'source': 'マイナビ'}
2019-10-21 17:32:56 [scrapy.core.engine] DEBUG: Crawled (200) <GET https://mynavi.agentsearch.jp/jobDetail/?jobId=31979035> (referer: https://mynavi.agentsearch.jp/jobList/)
2019-10-21 17:32:57 [urllib3.connectionpool] DEBUG: Starting new HTTPS connection (1): www.geocoding.jp:443
2019-10-21 17:32:57 [py.warnings] WARNING: /Users/tianxiaoyi/Envs/sales_search_engine/lib/python3.7/site-packages/urllib3/connectionpool.py:1004: InsecureRequestWarning: Unverified HTTPS request is being made. Adding certificate verification is strongly advised. See: https://urllib3.readthedocs.io/en/latest/advanced-usage.html#ssl-warnings
  InsecureRequestWarning,

2019-10-21 17:32:58 [urllib3.connectionpool] DEBUG: https://www.geocoding.jp:443 "GET /?q=%E3%83%9D%E3%83%AA%E3%83%97%E3%83%A9%E3%82%B9%E3%83%81%E3%83%83%E3%82%AF%E3%82%B9%E6%A0%AA%E5%BC%8F%E4%BC%9A%E7%A4%BE HTTP/1.1" 200 None
2019-10-21 17:32:58 [scrapy.core.scraper] DEBUG: Scraped from <200 https://mynavi.agentsearch.jp/jobDetail/?jobId=31979035>
{'annual_income_max': '700',
 'annual_income_min': '480',
 'company_name': 'ポリプラスチックス株式会社',
 'create_data': datetime.datetime(2019, 10, 21, 17, 32, 58, 179427),
 'job_name': '営業（開発・問題解決型の営業スタイル）/エンプラメーカー正社員',
 'latitude': '35.173081',
 'link_url': 'https://mynavi.agentsearch.jp/jobDetail/?jobId=31979035',
 'longitude': '136.882377',
 'nearest_station': '東京都\\r港区港南二丁目18番1号',
 'occupation': '営業',
 'published_time': '掲載開始日：2019.10.21終了予定日：2019.11.03',
 'source': 'マイナビ'}
2019-10-21 17:33:04 [scrapy.extensions.logstats] INFO: Crawled 34 pages (at 4 pages/min), scraped 33 items (at 4 items/min)
2019-10-21 17:33:14 [scrapy.core.engine] DEBUG: Crawled (200) <GET https://mynavi.agentsearch.jp/jobDetail/?jobId=31979032> (referer: https://mynavi.agentsearch.jp/jobList/)
2019-10-21 17:33:14 [urllib3.connectionpool] DEBUG: Starting new HTTPS connection (1): www.geocoding.jp:443
2019-10-21 17:33:14 [py.warnings] WARNING: /Users/tianxiaoyi/Envs/sales_search_engine/lib/python3.7/site-packages/urllib3/connectionpool.py:1004: InsecureRequestWarning: Unverified HTTPS request is being made. Adding certificate verification is strongly advised. See: https://urllib3.readthedocs.io/en/latest/advanced-usage.html#ssl-warnings
  InsecureRequestWarning,

2019-10-21 17:33:15 [urllib3.connectionpool] DEBUG: https://www.geocoding.jp:443 "GET /?q=%E6%A0%AA%E5%BC%8F%E4%BC%9A%E7%A4%BE%E3%83%9F%E3%82%B9%E3%83%9F HTTP/1.1" 200 None
2019-10-21 17:33:15 [scrapy.core.scraper] DEBUG: Scraped from <200 https://mynavi.agentsearch.jp/jobDetail/?jobId=31979032>
{'annual_income_max': '700',
 'annual_income_min': '450',
 'company_name': '株式会社ミスミ',
 'create_data': datetime.datetime(2019, 10, 21, 17, 33, 15, 722086),
 'job_name': 'マーチャンダイザー正社員',
 'latitude': '35.705526',
 'link_url': 'https://mynavi.agentsearch.jp/jobDetail/?jobId=31979032',
 'longitude': '139.746126',
 'nearest_station': '東京都\\r文京区後楽2-5-1 住友不動産飯田橋ファーストビ...',
 'occupation': '営業',
 'published_time': '掲載開始日：2019.10.21終了予定日：2019.11.03',
 'source': 'マイナビ'}
2019-10-21 17:33:27 [scrapy.core.engine] DEBUG: Crawled (200) <GET https://mynavi.agentsearch.jp/jobDetail/?jobId=31978738> (referer: https://mynavi.agentsearch.jp/jobList/)
2019-10-21 17:33:27 [urllib3.connectionpool] DEBUG: Starting new HTTPS connection (1): www.geocoding.jp:443
2019-10-21 17:33:27 [py.warnings] WARNING: /Users/tianxiaoyi/Envs/sales_search_engine/lib/python3.7/site-packages/urllib3/connectionpool.py:1004: InsecureRequestWarning: Unverified HTTPS request is being made. Adding certificate verification is strongly advised. See: https://urllib3.readthedocs.io/en/latest/advanced-usage.html#ssl-warnings
  InsecureRequestWarning,

2019-10-21 17:33:30 [urllib3.connectionpool] DEBUG: https://www.geocoding.jp:443 "GET /?q=%E4%BD%8F%E5%8F%8B%E4%B8%8D%E5%8B%95%E7%94%A3%E6%A0%AA%E5%BC%8F%E4%BC%9A%E7%A4%BE HTTP/1.1" 200 None
2019-10-21 17:33:30 [scrapy.core.scraper] DEBUG: Scraped from <200 https://mynavi.agentsearch.jp/jobDetail/?jobId=31978738>
{'annual_income_max': '600',
 'annual_income_min': '600',
 'company_name': '住友不動産株式会社',
 'create_data': datetime.datetime(2019, 10, 21, 17, 33, 30, 11527),
 'job_name': '仕入れ《新築分譲マンション事業用地》【年俸600万＋報奨金】正社員',
 'latitude': '34.813729',
 'link_url': 'https://mynavi.agentsearch.jp/jobDetail/?jobId=31978738',
 'longitude': '135.650955',
 'nearest_station': '東京都\\r新宿区西新宿 2-4-1新宿NSビル',
 'occupation': '営業',
 'published_time': '掲載開始日：2019.10.21終了予定日：2019.11.03',
 'source': 'マイナビ'}
2019-10-21 17:33:45 [scrapy.core.engine] DEBUG: Crawled (200) <GET https://mynavi.agentsearch.jp/jobDetail/?jobId=31978889> (referer: https://mynavi.agentsearch.jp/jobList/)
2019-10-21 17:33:45 [urllib3.connectionpool] DEBUG: Starting new HTTPS connection (1): www.geocoding.jp:443
2019-10-21 17:33:45 [py.warnings] WARNING: /Users/tianxiaoyi/Envs/sales_search_engine/lib/python3.7/site-packages/urllib3/connectionpool.py:1004: InsecureRequestWarning: Unverified HTTPS request is being made. Adding certificate verification is strongly advised. See: https://urllib3.readthedocs.io/en/latest/advanced-usage.html#ssl-warnings
  InsecureRequestWarning,

2019-10-21 17:33:46 [urllib3.connectionpool] DEBUG: https://www.geocoding.jp:443 "GET /?q=%E4%B8%89%E8%8F%B1%E9%9B%BB%E6%A9%9F%E3%82%A4%E3%83%B3%E3%83%95%E3%82%A9%E3%83%A1%E3%83%BC%E3%82%B7%E3%83%A7%E3%83%B3%E3%83%8D%E3%83%83%E3%83%88%E3%83%AF%E3%83%BC%E3%82%AF%E6%A0%AA%E5%BC%8F%E4%BC%9A%E7%A4%BE HTTP/1.1" 200 None
2019-10-21 17:33:46 [scrapy.core.scraper] DEBUG: Scraped from <200 https://mynavi.agentsearch.jp/jobDetail/?jobId=31978889>
{'annual_income_max': '700',
 'annual_income_min': '500',
 'company_name': '三菱電機インフォメーションネットワーク株式会社',
 'create_data': datetime.datetime(2019, 10, 21, 17, 33, 46, 652491),
 'job_name': '営業職（三菱電気グループ向け）正社員',
 'latitude': '35.639255',
 'link_url': 'https://mynavi.agentsearch.jp/jobDetail/?jobId=31978889',
 'longitude': '139.744981',
 'nearest_station': '東京都\\r港区芝浦四丁目6番8号\\u3000田町ファーストビル',
 'occupation': '営業',
 'published_time': '掲載開始日：2019.10.21終了予定日：2019.11.03',
 'source': 'マイナビ'}
2019-10-21 17:34:00 [scrapy.core.engine] DEBUG: Crawled (200) <GET https://mynavi.agentsearch.jp/jobDetail/?jobId=31979072> (referer: https://mynavi.agentsearch.jp/jobList/)
2019-10-21 17:34:00 [urllib3.connectionpool] DEBUG: Starting new HTTPS connection (1): www.geocoding.jp:443
2019-10-21 17:34:00 [py.warnings] WARNING: /Users/tianxiaoyi/Envs/sales_search_engine/lib/python3.7/site-packages/urllib3/connectionpool.py:1004: InsecureRequestWarning: Unverified HTTPS request is being made. Adding certificate verification is strongly advised. See: https://urllib3.readthedocs.io/en/latest/advanced-usage.html#ssl-warnings
  InsecureRequestWarning,

2019-10-21 17:34:01 [urllib3.connectionpool] DEBUG: https://www.geocoding.jp:443 "GET /?q=Sansan%E6%A0%AA%E5%BC%8F%E4%BC%9A%E7%A4%BE HTTP/1.1" 200 None
2019-10-21 17:34:01 [scrapy.core.scraper] DEBUG: Scraped from <200 https://mynavi.agentsearch.jp/jobDetail/?jobId=31979072>
{'annual_income_max': '651',
 'annual_income_min': '650',
 'company_name': 'Sansan株式会社',
 'create_data': datetime.datetime(2019, 10, 21, 17, 34, 1, 909915),
 'job_name': 'ソリューション営業【業界未経験者歓迎】正社員',
 'latitude': '35.662785',
 'link_url': 'https://mynavi.agentsearch.jp/jobDetail/?jobId=31979072',
 'longitude': '139.709048',
 'nearest_station': '東京都\\r渋谷区神宮前5-52-2\\u3000青山オーバルビル13F',
 'occupation': '営業',
 'published_time': '掲載開始日：2019.10.21終了予定日：2019.11.03',
 'source': 'マイナビ'}
2019-10-21 17:34:04 [scrapy.extensions.logstats] INFO: Crawled 38 pages (at 4 pages/min), scraped 37 items (at 4 items/min)
2019-10-21 17:34:17 [scrapy.core.engine] DEBUG: Crawled (200) <GET https://mynavi.agentsearch.jp/jobDetail/?jobId=31978883> (referer: https://mynavi.agentsearch.jp/jobList/)
2019-10-21 17:34:17 [urllib3.connectionpool] DEBUG: Starting new HTTPS connection (1): www.geocoding.jp:443
2019-10-21 17:34:17 [py.warnings] WARNING: /Users/tianxiaoyi/Envs/sales_search_engine/lib/python3.7/site-packages/urllib3/connectionpool.py:1004: InsecureRequestWarning: Unverified HTTPS request is being made. Adding certificate verification is strongly advised. See: https://urllib3.readthedocs.io/en/latest/advanced-usage.html#ssl-warnings
  InsecureRequestWarning,

2019-10-21 17:34:18 [urllib3.connectionpool] DEBUG: https://www.geocoding.jp:443 "GET /?q=%E6%A0%AA%E5%BC%8F%E4%BC%9A%E7%A4%BE%E3%82%A8%E3%83%B3%E3%83%97%E3%83%A9%E3%82%B9 HTTP/1.1" 200 None
2019-10-21 17:34:18 [scrapy.core.scraper] DEBUG: Scraped from <200 https://mynavi.agentsearch.jp/jobDetail/?jobId=31978883>
{'annual_income_max': '700',
 'annual_income_min': '500',
 'company_name': '株式会社エンプラス',
 'create_data': datetime.datetime(2019, 10, 21, 17, 34, 18, 365714),
 'job_name': '製品企画・マーケティング【ギヤ製品】東証一部上場正社員',
 'latitude': '35.173447',
 'link_url': 'https://mynavi.agentsearch.jp/jobDetail/?jobId=31978883',
 'longitude': '136.883436',
 'nearest_station': '埼玉県\\r川口市並木2丁目38番5号エンプラス研究所ビル',
 'occupation': '営業',
 'published_time': '掲載開始日：2019.10.21終了予定日：2019.11.03',
 'source': 'マイナビ'}
2019-10-21 17:34:33 [scrapy.core.engine] DEBUG: Crawled (200) <GET https://mynavi.agentsearch.jp/jobDetail/?jobId=31978655> (referer: https://mynavi.agentsearch.jp/jobList/)
2019-10-21 17:34:33 [urllib3.connectionpool] DEBUG: Starting new HTTPS connection (1): www.geocoding.jp:443
2019-10-21 17:34:33 [py.warnings] WARNING: /Users/tianxiaoyi/Envs/sales_search_engine/lib/python3.7/site-packages/urllib3/connectionpool.py:1004: InsecureRequestWarning: Unverified HTTPS request is being made. Adding certificate verification is strongly advised. See: https://urllib3.readthedocs.io/en/latest/advanced-usage.html#ssl-warnings
  InsecureRequestWarning,

2019-10-21 17:34:35 [urllib3.connectionpool] DEBUG: https://www.geocoding.jp:443 "GET /?q=%E3%82%B8%E3%83%BC%E3%82%A8%E3%83%AB%E3%82%A2%E3%83%BC%E3%83%AB%E3%82%A4%E3%83%B3%E3%83%99%E3%82%B9%E3%83%88%E3%83%A1%E3%83%B3%E3%83%88%E6%A0%AA%E5%BC%8F%E4%BC%9A%E7%A4%BE HTTP/1.1" 200 None
2019-10-21 17:34:35 [scrapy.core.scraper] DEBUG: Scraped from <200 https://mynavi.agentsearch.jp/jobDetail/?jobId=31978655>
{'annual_income_max': '700',
 'annual_income_min': '700',
 'company_name': 'ジーエルアールインベストメント株式会社',
 'create_data': datetime.datetime(2019, 10, 21, 17, 34, 35, 102135),
 'job_name': '不動産売買仲介営業職【立ち上げ期からのマネージャーに】正社員',
 'latitude': '35.67305',
 'link_url': 'https://mynavi.agentsearch.jp/jobDetail/?jobId=31978655',
 'longitude': '139.740722',
 'nearest_station': '東京都\\r千代田区永田町2-11-1 山王パークタワー4階',
 'occupation': '営業',
 'published_time': '掲載開始日：2019.10.21終了予定日：2019.11.03',
 'source': 'マイナビ'}
2019-10-21 17:34:51 [scrapy.core.engine] DEBUG: Crawled (200) <GET https://mynavi.agentsearch.jp/jobDetail/?jobId=31979070> (referer: https://mynavi.agentsearch.jp/jobList/)
2019-10-21 17:34:51 [urllib3.connectionpool] DEBUG: Starting new HTTPS connection (1): www.geocoding.jp:443
2019-10-21 17:34:51 [py.warnings] WARNING: /Users/tianxiaoyi/Envs/sales_search_engine/lib/python3.7/site-packages/urllib3/connectionpool.py:1004: InsecureRequestWarning: Unverified HTTPS request is being made. Adding certificate verification is strongly advised. See: https://urllib3.readthedocs.io/en/latest/advanced-usage.html#ssl-warnings
  InsecureRequestWarning,

2019-10-21 17:34:52 [urllib3.connectionpool] DEBUG: https://www.geocoding.jp:443 "GET /?q=%E3%83%A6%E3%83%8B%E3%83%95%E3%82%A1%E6%A0%AA%E5%BC%8F%E4%BC%9A%E7%A4%BE HTTP/1.1" 200 None
2019-10-21 17:34:52 [scrapy.core.scraper] DEBUG: Scraped from <200 https://mynavi.agentsearch.jp/jobDetail/?jobId=31979070>
{'annual_income_max': '650',
 'annual_income_min': '450',
 'company_name': 'ユニファ株式会社',
 'create_data': datetime.datetime(2019, 10, 21, 17, 34, 52, 252618),
 'job_name': '【自社製品】事業企画・マネージャー候補正社員',
 'latitude': '35.671301',
 'link_url': 'https://mynavi.agentsearch.jp/jobDetail/?jobId=31979070',
 'longitude': '139.757359',
 'nearest_station': '東京都\\r台東区東上野1-28-9\\u3000キクヤビル2F',
 'occupation': '営業',
 'published_time': '掲載開始日：2019.10.21終了予定日：2019.11.03',
 'source': 'マイナビ'}
2019-10-21 17:35:03 [scrapy.core.engine] DEBUG: Crawled (200) <GET https://mynavi.agentsearch.jp/jobDetail/?jobId=31978644> (referer: https://mynavi.agentsearch.jp/jobList/)
2019-10-21 17:35:03 [urllib3.connectionpool] DEBUG: Starting new HTTPS connection (1): www.geocoding.jp:443
2019-10-21 17:35:03 [py.warnings] WARNING: /Users/tianxiaoyi/Envs/sales_search_engine/lib/python3.7/site-packages/urllib3/connectionpool.py:1004: InsecureRequestWarning: Unverified HTTPS request is being made. Adding certificate verification is strongly advised. See: https://urllib3.readthedocs.io/en/latest/advanced-usage.html#ssl-warnings
  InsecureRequestWarning,

2019-10-21 17:35:04 [urllib3.connectionpool] DEBUG: https://www.geocoding.jp:443 "GET /?q=%E3%82%A2%E3%82%AF%E3%82%BB%E3%83%97%E3%82%BF%E3%83%B3%E3%82%B9%E3%82%B8%E3%83%A3%E3%83%91%E3%83%B3%E6%A0%AA%E5%BC%8F%E4%BC%9A%E7%A4%BE HTTP/1.1" 200 None
2019-10-21 17:35:04 [scrapy.core.scraper] DEBUG: Scraped from <200 https://mynavi.agentsearch.jp/jobDetail/?jobId=31978644>
{'annual_income_max': '1000',
 'annual_income_min': '700',
 'company_name': 'アクセプタンスジャパン株式会社',
 'create_data': datetime.datetime(2019, 10, 21, 17, 35, 4, 776531),
 'job_name': 'セールスエンジニア（課長候補）※石油精製・石油化学プラント用正社員',
 'latitude': '35.220329',
 'link_url': 'https://mynavi.agentsearch.jp/jobDetail/?jobId=31978644',
 'longitude': '138.90089',
 'nearest_station': '神奈川県\\r横浜市中区山下町74-1\\u3000大和地所ビル5階',
 'occupation': '営業',
 'published_time': '掲載開始日：2019.10.21終了予定日：2019.11.03',
 'source': 'マイナビ'}
2019-10-21 17:35:04 [scrapy.extensions.logstats] INFO: Crawled 42 pages (at 4 pages/min), scraped 41 items (at 4 items/min)
2019-10-21 17:35:17 [scrapy.core.engine] DEBUG: Crawled (200) <GET https://mynavi.agentsearch.jp/jobDetail/?jobId=31978987> (referer: https://mynavi.agentsearch.jp/jobList/)
2019-10-21 17:35:17 [urllib3.connectionpool] DEBUG: Starting new HTTPS connection (1): www.geocoding.jp:443
2019-10-21 17:35:17 [py.warnings] WARNING: /Users/tianxiaoyi/Envs/sales_search_engine/lib/python3.7/site-packages/urllib3/connectionpool.py:1004: InsecureRequestWarning: Unverified HTTPS request is being made. Adding certificate verification is strongly advised. See: https://urllib3.readthedocs.io/en/latest/advanced-usage.html#ssl-warnings
  InsecureRequestWarning,

2019-10-21 17:35:18 [urllib3.connectionpool] DEBUG: https://www.geocoding.jp:443 "GET /?q=%E7%A5%9E%E9%8B%BC%E5%95%86%E4%BA%8B%E6%A0%AA%E5%BC%8F%E4%BC%9A%E7%A4%BE HTTP/1.1" 200 None
2019-10-21 17:35:18 [scrapy.core.scraper] DEBUG: Scraped from <200 https://mynavi.agentsearch.jp/jobDetail/?jobId=31978987>
{'annual_income_max': '750',
 'annual_income_min': '450',
 'company_name': '神鋼商事株式会社',
 'create_data': datetime.datetime(2019, 10, 21, 17, 35, 18, 135420),
 'job_name': '【営業企画職／京橋】東証一部／神戸製鋼グループ正社員',
 'latitude': '35.683505',
 'link_url': 'https://mynavi.agentsearch.jp/jobDetail/?jobId=31978987',
 'longitude': '139.773558',
 'nearest_station': '東京都\\r中央区京橋1-7-2ミュージアムタワー京橋',
 'occupation': '営業',
 'published_time': '掲載開始日：2019.10.21終了予定日：2019.11.03',
 'source': 'マイナビ'}
2019-10-21 17:35:31 [scrapy.core.engine] DEBUG: Crawled (200) <GET https://mynavi.agentsearch.jp/jobDetail/?jobId=31814780> (referer: https://mynavi.agentsearch.jp/jobList/)
2019-10-21 17:35:31 [urllib3.connectionpool] DEBUG: Starting new HTTPS connection (1): www.geocoding.jp:443
2019-10-21 17:35:31 [py.warnings] WARNING: /Users/tianxiaoyi/Envs/sales_search_engine/lib/python3.7/site-packages/urllib3/connectionpool.py:1004: InsecureRequestWarning: Unverified HTTPS request is being made. Adding certificate verification is strongly advised. See: https://urllib3.readthedocs.io/en/latest/advanced-usage.html#ssl-warnings
  InsecureRequestWarning,

2019-10-21 17:35:32 [urllib3.connectionpool] DEBUG: https://www.geocoding.jp:443 "GET /?q=%E6%A0%AA%E5%BC%8F%E4%BC%9A%E7%A4%BE%E3%82%B3%E3%83%B3%E3%82%B0%E3%83%AC HTTP/1.1" 200 None
2019-10-21 17:35:32 [scrapy.core.scraper] DEBUG: Scraped from <200 https://mynavi.agentsearch.jp/jobDetail/?jobId=31814780>
{'annual_income_max': 0,
 'annual_income_min': 0,
 'company_name': '株式会社コングレ',
 'create_data': datetime.datetime(2019, 10, 21, 17, 35, 32, 737081),
 'job_name': '【営業未経験歓迎】イベントの営業/現場運営をお任せします正社員',
 'latitude': '35.683827',
 'link_url': 'https://mynavi.agentsearch.jp/jobDetail/?jobId=31814780',
 'longitude': '139.734533',
 'nearest_station': '東京都',
 'occupation': '営業',
 'published_time': '掲載開始日：2019.10.21終了予定日：2019.11.17',
 'source': 'マイナビ'}
2019-10-21 17:35:49 [scrapy.core.engine] DEBUG: Crawled (200) <GET https://mynavi.agentsearch.jp/jobDetail/?jobId=31814728> (referer: https://mynavi.agentsearch.jp/jobList/)
2019-10-21 17:35:49 [urllib3.connectionpool] DEBUG: Starting new HTTPS connection (1): www.geocoding.jp:443
2019-10-21 17:35:49 [py.warnings] WARNING: /Users/tianxiaoyi/Envs/sales_search_engine/lib/python3.7/site-packages/urllib3/connectionpool.py:1004: InsecureRequestWarning: Unverified HTTPS request is being made. Adding certificate verification is strongly advised. See: https://urllib3.readthedocs.io/en/latest/advanced-usage.html#ssl-warnings
  InsecureRequestWarning,

2019-10-21 17:35:50 [urllib3.connectionpool] DEBUG: https://www.geocoding.jp:443 "GET /?q=%E8%AA%A0%E8%B3%80%E5%BB%BA%E8%A8%AD%E6%A0%AA%E5%BC%8F%E4%BC%9A%E7%A4%BE HTTP/1.1" 200 None
2019-10-21 17:35:50 [scrapy.core.scraper] DEBUG: Scraped from <200 https://mynavi.agentsearch.jp/jobDetail/?jobId=31814728>
{'annual_income_max': '550',
 'annual_income_min': '350',
 'company_name': '誠賀建設株式会社',
 'create_data': datetime.datetime(2019, 10, 21, 17, 35, 50, 547928),
 'job_name': '【未経験OK】営業と施工管理をお任せします正社員',
 'latitude': '35.719985',
 'link_url': 'https://mynavi.agentsearch.jp/jobDetail/?jobId=31814728',
 'longitude': '139.497083',
 'nearest_station': '東京都',
 'occupation': '営業',
 'published_time': '掲載開始日：2019.10.21終了予定日：2019.11.17',
 'source': 'マイナビ'}
2019-10-21 17:36:02 [scrapy.core.engine] DEBUG: Crawled (200) <GET https://mynavi.agentsearch.jp/jobDetail/?jobId=31721237> (referer: https://mynavi.agentsearch.jp/jobList/)
2019-10-21 17:36:02 [urllib3.connectionpool] DEBUG: Starting new HTTPS connection (1): www.geocoding.jp:443
2019-10-21 17:36:02 [py.warnings] WARNING: /Users/tianxiaoyi/Envs/sales_search_engine/lib/python3.7/site-packages/urllib3/connectionpool.py:1004: InsecureRequestWarning: Unverified HTTPS request is being made. Adding certificate verification is strongly advised. See: https://urllib3.readthedocs.io/en/latest/advanced-usage.html#ssl-warnings
  InsecureRequestWarning,

2019-10-21 17:36:03 [urllib3.connectionpool] DEBUG: https://www.geocoding.jp:443 "GET /?q=RR%20Donnelley%20Holdings%20Japan%E5%90%88%E5%90%8C%E4%BC%9A%E7%A4%BE HTTP/1.1" 200 None
2019-10-21 17:36:03 [scrapy.core.scraper] DEBUG: Scraped from <200 https://mynavi.agentsearch.jp/jobDetail/?jobId=31721237>
{'annual_income_max': 0,
 'annual_income_min': 0,
 'company_name': 'RR Donnelley Holdings Japan合同会社',
 'create_data': datetime.datetime(2019, 10, 21, 17, 36, 3, 963584),
 'job_name': 'カスタマーリレーション及び営業担当正社員',
 'latitude': '35.682333',
 'link_url': 'https://mynavi.agentsearch.jp/jobDetail/?jobId=31721237',
 'longitude': '139.769791',
 'nearest_station': '■東京都千代田区丸の内\\u3000岐阜県下呂市での勤務も検討可',
 'occupation': '営業',
 'published_time': '掲載開始日：2019.10.21終了予定日：2019.11.17',
 'source': 'マイナビ'}
2019-10-21 17:36:04 [scrapy.extensions.logstats] INFO: Crawled 46 pages (at 4 pages/min), scraped 45 items (at 4 items/min)
2019-10-21 17:36:19 [scrapy.core.engine] DEBUG: Crawled (200) <GET https://mynavi.agentsearch.jp/jobDetail/?jobId=31814746> (referer: https://mynavi.agentsearch.jp/jobList/)
2019-10-21 17:36:19 [urllib3.connectionpool] DEBUG: Starting new HTTPS connection (1): www.geocoding.jp:443
2019-10-21 17:36:19 [py.warnings] WARNING: /Users/tianxiaoyi/Envs/sales_search_engine/lib/python3.7/site-packages/urllib3/connectionpool.py:1004: InsecureRequestWarning: Unverified HTTPS request is being made. Adding certificate verification is strongly advised. See: https://urllib3.readthedocs.io/en/latest/advanced-usage.html#ssl-warnings
  InsecureRequestWarning,

2019-10-21 17:36:20 [urllib3.connectionpool] DEBUG: https://www.geocoding.jp:443 "GET /?q=Sansan%E6%A0%AA%E5%BC%8F%E4%BC%9A%E7%A4%BE HTTP/1.1" 200 None
2019-10-21 17:36:20 [scrapy.core.scraper] DEBUG: Scraped from <200 https://mynavi.agentsearch.jp/jobDetail/?jobId=31814746>
{'annual_income_max': '3000',
 'annual_income_min': '805',
 'company_name': 'Sansan株式会社',
 'create_data': datetime.datetime(2019, 10, 21, 17, 36, 20, 633393),
 'job_name': '【業界未経験可】法人向け名刺管理サービスSansanのソリューションセールス（関西・名古屋）正社員',
 'latitude': '35.662785',
 'link_url': 'https://mynavi.agentsearch.jp/jobDetail/?jobId=31814746',
 'longitude': '139.709048',
 'nearest_station': '大阪府,愛知県,東京都',
 'occupation': '営業',
 'published_time': '掲載開始日：2019.10.21終了予定日：2019.11.17',
 'source': 'マイナビ'}
2019-10-21 17:36:28 [scrapy.core.engine] DEBUG: Crawled (200) <GET https://mynavi.agentsearch.jp/jobDetail/?jobId=31814747> (referer: https://mynavi.agentsearch.jp/jobList/)
2019-10-21 17:36:28 [urllib3.connectionpool] DEBUG: Starting new HTTPS connection (1): www.geocoding.jp:443
2019-10-21 17:36:28 [py.warnings] WARNING: /Users/tianxiaoyi/Envs/sales_search_engine/lib/python3.7/site-packages/urllib3/connectionpool.py:1004: InsecureRequestWarning: Unverified HTTPS request is being made. Adding certificate verification is strongly advised. See: https://urllib3.readthedocs.io/en/latest/advanced-usage.html#ssl-warnings
  InsecureRequestWarning,

2019-10-21 17:36:29 [urllib3.connectionpool] DEBUG: https://www.geocoding.jp:443 "GET /?q=Sansan%E6%A0%AA%E5%BC%8F%E4%BC%9A%E7%A4%BE HTTP/1.1" 200 None
2019-10-21 17:36:29 [scrapy.core.scraper] DEBUG: Scraped from <200 https://mynavi.agentsearch.jp/jobDetail/?jobId=31814747>
{'annual_income_max': '805',
 'annual_income_min': '420',
 'company_name': 'Sansan株式会社',
 'create_data': datetime.datetime(2019, 10, 21, 17, 36, 29, 670779),
 'job_name': '【業界未経験可】法人向け名刺管理サービスSansanのソリューションセールスを募集正社員',
 'latitude': '35.662785',
 'link_url': 'https://mynavi.agentsearch.jp/jobDetail/?jobId=31814747',
 'longitude': '139.709048',
 'nearest_station': '東京都',
 'occupation': '営業',
 'published_time': '掲載開始日：2019.10.21終了予定日：2019.11.17',
 'source': 'マイナビ'}
2019-10-21 17:36:45 [scrapy.core.engine] DEBUG: Crawled (200) <GET https://mynavi.agentsearch.jp/jobDetail/?jobId=31721311> (referer: https://mynavi.agentsearch.jp/jobList/)
2019-10-21 17:36:45 [urllib3.connectionpool] DEBUG: Starting new HTTPS connection (1): www.geocoding.jp:443
2019-10-21 17:36:45 [py.warnings] WARNING: /Users/tianxiaoyi/Envs/sales_search_engine/lib/python3.7/site-packages/urllib3/connectionpool.py:1004: InsecureRequestWarning: Unverified HTTPS request is being made. Adding certificate verification is strongly advised. See: https://urllib3.readthedocs.io/en/latest/advanced-usage.html#ssl-warnings
  InsecureRequestWarning,

2019-10-21 17:36:46 [urllib3.connectionpool] DEBUG: https://www.geocoding.jp:443 "GET /?q=%E3%82%B0%E3%83%AA%E3%83%83%E3%83%88%E3%82%B0%E3%83%AB%E3%83%BC%E3%83%97%E3%83%9B%E3%83%BC%E3%83%AB%E3%83%87%E3%82%A3%E3%83%B3%E3%82%B0%E3%82%B9%E6%A0%AA%E5%BC%8F%E4%BC%9A%E7%A4%BE HTTP/1.1" 200 None
2019-10-21 17:36:46 [scrapy.core.scraper] DEBUG: Scraped from <200 https://mynavi.agentsearch.jp/jobDetail/?jobId=31721311>
{'annual_income_max': 0,
 'annual_income_min': 0,
 'company_name': 'グリットグループホールディングス株式会社',
 'create_data': datetime.datetime(2019, 10, 21, 17, 36, 46, 875941),
 'job_name': '［HR事業：東京］体育会採用支援営業正社員',
 'latitude': '35.713334',
 'link_url': 'https://mynavi.agentsearch.jp/jobDetail/?jobId=31721311',
 'longitude': '139.701229',
 'nearest_station': '■勤務地：本社（東京都新宿区高田馬場）\\r■最寄り駅：各線「...',
 'occupation': '営業',
 'published_time': '掲載開始日：2019.10.21終了予定日：2019.11.17',
 'source': 'マイナビ'}
2019-10-21 17:36:58 [scrapy.core.engine] DEBUG: Crawled (200) <GET https://mynavi.agentsearch.jp/jobDetail/?jobId=31708310> (referer: https://mynavi.agentsearch.jp/jobList/)
2019-10-21 17:36:58 [urllib3.connectionpool] DEBUG: Starting new HTTPS connection (1): www.geocoding.jp:443
2019-10-21 17:36:58 [py.warnings] WARNING: /Users/tianxiaoyi/Envs/sales_search_engine/lib/python3.7/site-packages/urllib3/connectionpool.py:1004: InsecureRequestWarning: Unverified HTTPS request is being made. Adding certificate verification is strongly advised. See: https://urllib3.readthedocs.io/en/latest/advanced-usage.html#ssl-warnings
  InsecureRequestWarning,

2019-10-21 17:36:59 [urllib3.connectionpool] DEBUG: https://www.geocoding.jp:443 "GET /?q=%E3%83%A6%E3%83%8B%E3%83%95%E3%82%A1%E6%A0%AA%E5%BC%8F%E4%BC%9A%E7%A4%BE HTTP/1.1" 200 None
2019-10-21 17:36:59 [scrapy.core.scraper] DEBUG: Scraped from <200 https://mynavi.agentsearch.jp/jobDetail/?jobId=31708310>
{'annual_income_max': '600',
 'annual_income_min': '450',
 'company_name': 'ユニファ株式会社',
 'create_data': datetime.datetime(2019, 10, 21, 17, 36, 59, 393739),
 'job_name': '【ソリューション営業（リーダー）】園児の命を見守るIoT新規事業\u3000※東京採用正社員',
 'latitude': '35.671301',
 'link_url': 'https://mynavi.agentsearch.jp/jobDetail/?jobId=31708310',
 'longitude': '139.757359',
 'nearest_station': '都営地下鉄大江戸線／つくばエクスプレス線「新御徒町駅」',
 'occupation': '営業',
 'published_time': '掲載開始日：2019.10.21終了予定日：2019.11.17',
 'source': 'マイナビ'}
2019-10-21 17:37:04 [scrapy.extensions.logstats] INFO: Crawled 50 pages (at 4 pages/min), scraped 49 items (at 4 items/min)
2019-10-21 17:37:09 [scrapy.core.engine] DEBUG: Crawled (200) <GET https://mynavi.agentsearch.jp/jobDetail/?jobId=31814745> (referer: https://mynavi.agentsearch.jp/jobList/)
2019-10-21 17:37:09 [urllib3.connectionpool] DEBUG: Starting new HTTPS connection (1): www.geocoding.jp:443
2019-10-21 17:37:09 [py.warnings] WARNING: /Users/tianxiaoyi/Envs/sales_search_engine/lib/python3.7/site-packages/urllib3/connectionpool.py:1004: InsecureRequestWarning: Unverified HTTPS request is being made. Adding certificate verification is strongly advised. See: https://urllib3.readthedocs.io/en/latest/advanced-usage.html#ssl-warnings
  InsecureRequestWarning,

2019-10-21 17:37:10 [urllib3.connectionpool] DEBUG: https://www.geocoding.jp:443 "GET /?q=Sansan%E6%A0%AA%E5%BC%8F%E4%BC%9A%E7%A4%BE HTTP/1.1" 200 None
2019-10-21 17:37:10 [scrapy.core.scraper] DEBUG: Scraped from <200 https://mynavi.agentsearch.jp/jobDetail/?jobId=31814745>
{'annual_income_max': '805',
 'annual_income_min': '420',
 'company_name': 'Sansan株式会社',
 'create_data': datetime.datetime(2019, 10, 21, 17, 37, 10, 736757),
 'job_name': '【未経験者歓迎】法人向け名刺管理サービスSansanのインサイドセールスを募集正社員',
 'latitude': '35.662785',
 'link_url': 'https://mynavi.agentsearch.jp/jobDetail/?jobId=31814745',
 'longitude': '139.709048',
 'nearest_station': '東京都',
 'occupation': '営業',
 'published_time': '掲載開始日：2019.10.21終了予定日：2019.11.17',
 'source': 'マイナビ'}
2019-10-21 17:37:10 [scrapy.core.engine] INFO: Closing spider (finished)
2019-10-21 17:37:10 [scrapy.statscollectors] INFO: Dumping Scrapy stats:
{'downloader/request_bytes': 60433,
 'downloader/request_count': 51,
 'downloader/request_method_count/GET': 50,
 'downloader/request_method_count/POST': 1,
 'downloader/response_bytes': 527502,
 'downloader/response_count': 51,
 'downloader/response_status_count/200': 51,
 'elapsed_time_seconds': 726.066889,
 'finish_reason': 'finished',
 'finish_time': datetime.datetime(2019, 10, 21, 8, 37, 10, 740401),
 'item_scraped_count': 50,
 'log_count/DEBUG': 201,
 'log_count/INFO': 22,
 'log_count/WARNING': 51,
 'memusage/max': 73502720,
 'memusage/startup': 61980672,
 'request_depth_max': 1,
 'response_received_count': 51,
 'scheduler/dequeued': 51,
 'scheduler/dequeued/memory': 51,
 'scheduler/enqueued': 51,
 'scheduler/enqueued/memory': 51,
 'start_time': datetime.datetime(2019, 10, 21, 8, 25, 4, 673512)}
2019-10-21 17:37:10 [scrapy.core.engine] INFO: Spider closed (finished)
