2019-10-21 15:41:23 [scrapy.utils.log] INFO: Scrapy 1.7.3 started (bot: crawler)
2019-10-21 15:41:23 [scrapy.utils.log] INFO: Versions: lxml 4.4.1.0, libxml2 2.9.9, cssselect 1.1.0, parsel 1.5.2, w3lib 1.21.0, Twisted 19.7.0, Python 3.7.3 (default, Mar 27 2019, 09:23:15) - [Clang 10.0.1 (clang-1001.0.46.3)], pyOpenSSL 19.0.0 (OpenSSL 1.1.1c  28 May 2019), cryptography 2.7, Platform Darwin-18.7.0-x86_64-i386-64bit
2019-10-21 15:41:23 [scrapy.crawler] INFO: Overridden settings: {'BOT_NAME': 'crawler', 'DOWNLOAD_DELAY': 2, 'LOG_FILE': 'logs/crawler/mynavi/cb8f3464f3cd11e9badfacde48001122.log', 'NEWSPIDER_MODULE': 'crawler.spiders', 'SPIDER_MODULES': ['crawler.spiders'], 'USER_AGENT': 'Mozilla/5.0 (Macintosh; Intel Mac OS X 10_14_6) AppleWebKit/537.36 (KHTML, like Gecko) Chrome/77.0.3865.90 Safari/537.36'}
2019-10-21 15:41:23 [scrapy.extensions.telnet] INFO: Telnet Password: 1d12dfb6d906780f
2019-10-21 15:41:23 [scrapy.middleware] INFO: Enabled extensions:
['scrapy.extensions.corestats.CoreStats',
 'scrapy.extensions.telnet.TelnetConsole',
 'scrapy.extensions.memusage.MemoryUsage',
 'scrapy.extensions.logstats.LogStats']
2019-10-21 15:41:23 [py.warnings] WARNING: /Users/tianxiaoyi/spider/sales_search_engine/crawler/crawler/middlewares.py:135: ScrapyDeprecationWarning: Importing from scrapy.xlib.pydispatch is deprecated and will no longer be supported in future Scrapy versions. If you just want to connect signals use the from_crawler class method, otherwise import pydispatch directly if needed. See: https://github.com/scrapy/scrapy/issues/1762
  from scrapy.xlib.pydispatch import dispatcher

2019-10-21 15:41:23 [scrapy.middleware] INFO: Enabled downloader middlewares:
['scrapy.downloadermiddlewares.httpauth.HttpAuthMiddleware',
 'scrapy.downloadermiddlewares.downloadtimeout.DownloadTimeoutMiddleware',
 'scrapy.downloadermiddlewares.defaultheaders.DefaultHeadersMiddleware',
 'crawler.middlewares.RandomUserAgentMiddleware',
 'scrapy.downloadermiddlewares.retry.RetryMiddleware',
 'scrapy.downloadermiddlewares.redirect.MetaRefreshMiddleware',
 'scrapy.downloadermiddlewares.httpcompression.HttpCompressionMiddleware',
 'scrapy.downloadermiddlewares.redirect.RedirectMiddleware',
 'scrapy.downloadermiddlewares.cookies.CookiesMiddleware',
 'scrapy.downloadermiddlewares.httpproxy.HttpProxyMiddleware',
 'scrapy.downloadermiddlewares.stats.DownloaderStats']
2019-10-21 15:41:23 [scrapy.middleware] INFO: Enabled spider middlewares:
['scrapy.spidermiddlewares.httperror.HttpErrorMiddleware',
 'scrapy.spidermiddlewares.offsite.OffsiteMiddleware',
 'scrapy.spidermiddlewares.referer.RefererMiddleware',
 'scrapy.spidermiddlewares.urllength.UrlLengthMiddleware',
 'scrapy.spidermiddlewares.depth.DepthMiddleware']
2019-10-21 15:41:23 [scrapy.middleware] INFO: Enabled item pipelines:
['crawler.pipelines.EnrolldataPipeline']
2019-10-21 15:41:23 [scrapy.core.engine] INFO: Spider opened
2019-10-21 15:41:23 [scrapy.extensions.logstats] INFO: Crawled 0 pages (at 0 pages/min), scraped 0 items (at 0 items/min)
2019-10-21 15:41:23 [scrapy.extensions.telnet] INFO: Telnet console listening on 127.0.0.1:6023
2019-10-21 15:41:26 [scrapy.core.engine] DEBUG: Crawled (200) <POST https://mynavi.agentsearch.jp/jobList/> (referer: None)
2019-10-21 15:41:27 [scrapy.core.engine] DEBUG: Crawled (200) <GET https://mynavi.agentsearch.jp/jobDetail/?jobId=31978987> (referer: https://mynavi.agentsearch.jp/jobList/)
2019-10-21 15:41:27 [scrapy.core.scraper] DEBUG: Scraped from <200 https://mynavi.agentsearch.jp/jobDetail/?jobId=31978987>
{'annual_income_max': '750',
 'annual_income_min': '450',
 'company_name': '神鋼商事株式会社',
 'create_data': datetime.datetime(2019, 10, 21, 15, 41, 27, 727026),
 'job_name': '【営業企画職／京橋】東証一部／神戸製鋼グループ正社員',
 'latitude': 0,
 'link_url': 'https://mynavi.agentsearch.jp/jobDetail/?jobId=31978987',
 'longitude': 0,
 'nearest_station': '東京都\\r中央区京橋1-7-2ミュージアムタワー京橋',
 'occupation': '営業',
 'published_time': '掲載開始日：2019.10.21終了予定日：2019.11.03',
 'source': 'マイナビ'}
2019-10-21 15:41:30 [scrapy.core.engine] DEBUG: Crawled (200) <GET https://mynavi.agentsearch.jp/jobDetail/?jobId=31979067> (referer: https://mynavi.agentsearch.jp/jobList/)
2019-10-21 15:41:30 [scrapy.core.scraper] DEBUG: Scraped from <200 https://mynavi.agentsearch.jp/jobDetail/?jobId=31979067>
{'annual_income_max': '650',
 'annual_income_min': '480',
 'company_name': '株式会社レアジョブ',
 'create_data': datetime.datetime(2019, 10, 21, 15, 41, 30, 250456),
 'job_name': '法人営業【東京】正社員',
 'latitude': 0,
 'link_url': 'https://mynavi.agentsearch.jp/jobDetail/?jobId=31979067',
 'longitude': 0,
 'nearest_station': '東京都\\r渋谷区神宮前6-27-8 京セラ原宿ビル2階',
 'occupation': '営業',
 'published_time': '掲載開始日：2019.10.21終了予定日：2019.11.03',
 'source': 'マイナビ'}
2019-10-21 15:41:32 [scrapy.core.engine] DEBUG: Crawled (200) <GET https://mynavi.agentsearch.jp/jobDetail/?jobId=31978916> (referer: https://mynavi.agentsearch.jp/jobList/)
2019-10-21 15:41:32 [scrapy.core.scraper] DEBUG: Scraped from <200 https://mynavi.agentsearch.jp/jobDetail/?jobId=31978916>
{'annual_income_max': '650',
 'annual_income_min': '500',
 'company_name': '株式会社西村商会',
 'create_data': datetime.datetime(2019, 10, 21, 15, 41, 32, 358771),
 'job_name': '【東京】法人営業\u3000※残業少※裁量ある営業スタイル※正社員',
 'latitude': 0,
 'link_url': 'https://mynavi.agentsearch.jp/jobDetail/?jobId=31978916',
 'longitude': 0,
 'nearest_station': '東京都\\r千代田区内幸町1-1-1帝国ホテルタワー7階',
 'occupation': '営業',
 'published_time': '掲載開始日：2019.10.21終了予定日：2019.11.03',
 'source': 'マイナビ'}
2019-10-21 15:41:35 [scrapy.core.engine] DEBUG: Crawled (200) <GET https://mynavi.agentsearch.jp/jobDetail/?jobId=31978844> (referer: https://mynavi.agentsearch.jp/jobList/)
2019-10-21 15:41:35 [scrapy.core.scraper] DEBUG: Scraped from <200 https://mynavi.agentsearch.jp/jobDetail/?jobId=31978844>
{'annual_income_max': '800',
 'annual_income_min': '500',
 'company_name': '株式会社ブレインパッド',
 'create_data': datetime.datetime(2019, 10, 21, 15, 41, 35, 167936),
 'job_name': 'AIコンサルティング営業正社員',
 'latitude': 0,
 'link_url': 'https://mynavi.agentsearch.jp/jobDetail/?jobId=31978844',
 'longitude': 0,
 'nearest_station': '東京都\\r港区白金台3-2-10白金台ビル3F',
 'occupation': '営業',
 'published_time': '掲載開始日：2019.10.21終了予定日：2019.11.03',
 'source': 'マイナビ'}
2019-10-21 15:41:37 [scrapy.core.engine] DEBUG: Crawled (200) <GET https://mynavi.agentsearch.jp/jobDetail/?jobId=31651056> (referer: https://mynavi.agentsearch.jp/jobList/)
2019-10-21 15:41:38 [scrapy.core.scraper] DEBUG: Scraped from <200 https://mynavi.agentsearch.jp/jobDetail/?jobId=31651056>
{'annual_income_max': 0,
 'annual_income_min': 0,
 'company_name': '（株）エージーエル',
 'create_data': datetime.datetime(2019, 10, 21, 15, 41, 38, 49832),
 'job_name': '物流ソリューションの提案営業/日鉄住金物産100％子会社/黒字経営/転勤なし/国際物流のプロ正社員',
 'latitude': 0,
 'link_url': 'https://mynavi.agentsearch.jp/jobDetail/?jobId=31651056',
 'longitude': 0,
 'nearest_station': '東京都港区赤坂（最寄駅：東京メトロ銀座・半蔵門 線「青山一丁',
 'occupation': '営業',
 'published_time': '掲載開始日：2019.10.21終了予定日：2019.11.17',
 'source': 'マイナビ'}
2019-10-21 15:41:41 [scrapy.core.engine] DEBUG: Crawled (200) <GET https://mynavi.agentsearch.jp/jobDetail/?jobId=31978720> (referer: https://mynavi.agentsearch.jp/jobList/)
2019-10-21 15:41:41 [scrapy.core.scraper] DEBUG: Scraped from <200 https://mynavi.agentsearch.jp/jobDetail/?jobId=31978720>
{'annual_income_max': '800',
 'annual_income_min': '600',
 'company_name': '日鉄エンジニアリング株式会社',
 'create_data': datetime.datetime(2019, 10, 21, 15, 41, 41, 167399),
 'job_name': '【文系総合職】日本製鉄グループ正社員',
 'latitude': 0,
 'link_url': 'https://mynavi.agentsearch.jp/jobDetail/?jobId=31978720',
 'longitude': 0,
 'nearest_station': '東京都\\r品川区大崎1-5-1\\u3000大崎センタービル',
 'occupation': '営業',
 'published_time': '掲載開始日：2019.10.21終了予定日：2019.11.03',
 'source': 'マイナビ'}
2019-10-21 15:41:44 [scrapy.core.engine] DEBUG: Crawled (200) <GET https://mynavi.agentsearch.jp/jobDetail/?jobId=31979006> (referer: https://mynavi.agentsearch.jp/jobList/)
2019-10-21 15:41:44 [scrapy.core.scraper] DEBUG: Scraped from <200 https://mynavi.agentsearch.jp/jobDetail/?jobId=31979006>
{'annual_income_max': '740',
 'annual_income_min': '450',
 'company_name': 'アイデックス ラボラトリーズ株式会社',
 'create_data': datetime.datetime(2019, 10, 21, 15, 41, 44, 586951),
 'job_name': '動物病院営業（ペット動物）大阪・奈良・和歌山※転勤無※正社員',
 'latitude': 0,
 'link_url': 'https://mynavi.agentsearch.jp/jobDetail/?jobId=31979006',
 'longitude': 0,
 'nearest_station': '大阪府\\rエリア',
 'occupation': '営業',
 'published_time': '掲載開始日：2019.10.21終了予定日：2019.11.03',
 'source': 'マイナビ'}
2019-10-21 15:41:46 [scrapy.core.engine] DEBUG: Crawled (200) <GET https://mynavi.agentsearch.jp/jobDetail/?jobId=31978678> (referer: https://mynavi.agentsearch.jp/jobList/)
2019-10-21 15:41:46 [scrapy.core.scraper] DEBUG: Scraped from <200 https://mynavi.agentsearch.jp/jobDetail/?jobId=31978678>
{'annual_income_max': '1000',
 'annual_income_min': '600',
 'company_name': '日本エアロスペース株式会社',
 'create_data': datetime.datetime(2019, 10, 21, 15, 41, 46, 769603),
 'job_name': '営業総合職【青山一丁目駅直結】正社員',
 'latitude': 0,
 'link_url': 'https://mynavi.agentsearch.jp/jobDetail/?jobId=31978678',
 'longitude': 0,
 'nearest_station': '東京都\\r港区南青山1-1-1\\u3000新青山ビル\\u3000西館20Ｆ',
 'occupation': '営業',
 'published_time': '掲載開始日：2019.10.21終了予定日：2019.11.03',
 'source': 'マイナビ'}
2019-10-21 15:41:49 [scrapy.core.engine] DEBUG: Crawled (200) <GET https://mynavi.agentsearch.jp/jobDetail/?jobId=31978898> (referer: https://mynavi.agentsearch.jp/jobList/)
2019-10-21 15:41:49 [scrapy.core.scraper] DEBUG: Scraped from <200 https://mynavi.agentsearch.jp/jobDetail/?jobId=31978898>
{'annual_income_max': '3000',
 'annual_income_min': '700',
 'company_name': 'ジャパニアス株式会社',
 'create_data': datetime.datetime(2019, 10, 21, 15, 41, 49, 455340),
 'job_name': '営業職【横浜】正社員',
 'latitude': 0,
 'link_url': 'https://mynavi.agentsearch.jp/jobDetail/?jobId=31978898',
 'longitude': 0,
 'nearest_station': '神奈川県\\r横浜市西区みなとみらい2-2-1横浜ランドマーク...',
 'occupation': '営業',
 'published_time': '掲載開始日：2019.10.21終了予定日：2019.11.03',
 'source': 'マイナビ'}
2019-10-21 15:41:52 [scrapy.core.engine] DEBUG: Crawled (200) <GET https://mynavi.agentsearch.jp/jobDetail/?jobId=31978642> (referer: https://mynavi.agentsearch.jp/jobList/)
2019-10-21 15:41:52 [scrapy.core.scraper] DEBUG: Scraped from <200 https://mynavi.agentsearch.jp/jobDetail/?jobId=31978642>
{'annual_income_max': '1000',
 'annual_income_min': '700',
 'company_name': 'アマゾンジャパン合同会社',
 'create_data': datetime.datetime(2019, 10, 21, 15, 41, 52, 364654),
 'job_name': 'Strategic Account Manager正社員',
 'latitude': 0,
 'link_url': 'https://mynavi.agentsearch.jp/jobDetail/?jobId=31978642',
 'longitude': 0,
 'nearest_station': '東京都\\r目黒下目黒1－8－1アルコタワー（もしくはアネック...',
 'occupation': '営業',
 'published_time': '掲載開始日：2019.10.21終了予定日：2019.11.03',
 'source': 'マイナビ'}
2019-10-21 15:41:53 [scrapy.core.engine] DEBUG: Crawled (200) <GET https://mynavi.agentsearch.jp/jobDetail/?jobId=31710235> (referer: https://mynavi.agentsearch.jp/jobList/)
2019-10-21 15:41:53 [scrapy.core.scraper] DEBUG: Scraped from <200 https://mynavi.agentsearch.jp/jobDetail/?jobId=31710235>
{'annual_income_max': 0,
 'annual_income_min': 0,
 'company_name': '株式会社コンカー',
 'create_data': datetime.datetime(2019, 10, 21, 15, 41, 53, 556972),
 'job_name': 'Enterprise Sales正社員\r\n'
             '\t\t\t\t\t\t\t\t\t\t\t\t\t\t\t\t\tHigh Class',
 'latitude': 0,
 'link_url': 'https://mynavi.agentsearch.jp/jobDetail/?jobId=31710235',
 'longitude': 0,
 'nearest_station': '東京都 愛知県',
 'occupation': '営業',
 'published_time': '掲載開始日：2019.10.21終了予定日：2019.10.28',
 'source': 'マイナビ'}
2019-10-21 15:41:55 [scrapy.core.engine] DEBUG: Crawled (200) <GET https://mynavi.agentsearch.jp/jobDetail/?jobId=31979036> (referer: https://mynavi.agentsearch.jp/jobList/)
2019-10-21 15:41:55 [scrapy.core.scraper] DEBUG: Scraped from <200 https://mynavi.agentsearch.jp/jobDetail/?jobId=31979036>
{'annual_income_max': '700',
 'annual_income_min': '450',
 'company_name': '株式会社リンクス',
 'create_data': datetime.datetime(2019, 10, 21, 15, 41, 55, 652718),
 'job_name': '法人営業【東京勤務/当面転勤なし】正社員',
 'latitude': 0,
 'link_url': 'https://mynavi.agentsearch.jp/jobDetail/?jobId=31979036',
 'longitude': 0,
 'nearest_station': '東京都\\r品川区上大崎2-24-9\\u3000アイケイビルディング４F...',
 'occupation': '営業',
 'published_time': '掲載開始日：2019.10.21終了予定日：2019.11.03',
 'source': 'マイナビ'}
2019-10-21 15:41:57 [scrapy.core.engine] DEBUG: Crawled (200) <GET https://mynavi.agentsearch.jp/jobDetail/?jobId=31979090> (referer: https://mynavi.agentsearch.jp/jobList/)
2019-10-21 15:41:57 [scrapy.core.scraper] DEBUG: Scraped from <200 https://mynavi.agentsearch.jp/jobDetail/?jobId=31979090>
{'annual_income_max': '600',
 'annual_income_min': '450',
 'company_name': 'クーパービジョン・ジャパン株式会社',
 'create_data': datetime.datetime(2019, 10, 21, 15, 41, 57, 657630),
 'job_name': 'セールスレップ【東京】正社員',
 'latitude': 0,
 'link_url': 'https://mynavi.agentsearch.jp/jobDetail/?jobId=31979090',
 'longitude': 0,
 'nearest_station': '東京都\\rホームオフィスより直行直帰',
 'occupation': '営業',
 'published_time': '掲載開始日：2019.10.21終了予定日：2019.11.03',
 'source': 'マイナビ'}
2019-10-21 15:41:59 [scrapy.core.engine] DEBUG: Crawled (200) <GET https://mynavi.agentsearch.jp/jobDetail/?jobId=31978752> (referer: https://mynavi.agentsearch.jp/jobList/)
2019-10-21 15:42:00 [scrapy.core.scraper] DEBUG: Scraped from <200 https://mynavi.agentsearch.jp/jobDetail/?jobId=31978752>
{'annual_income_max': '800',
 'annual_income_min': '550',
 'company_name': '三國機械工業株式会社',
 'create_data': datetime.datetime(2019, 10, 21, 15, 42, 0, 58928),
 'job_name': '【プラント向け営業】※本社勤務※正社員',
 'latitude': 0,
 'link_url': 'https://mynavi.agentsearch.jp/jobDetail/?jobId=31978752',
 'longitude': 0,
 'nearest_station': '東京都\\r墨田区両国3丁目19番11号',
 'occupation': '営業',
 'published_time': '掲載開始日：2019.10.21終了予定日：2019.11.03',
 'source': 'マイナビ'}
2019-10-21 15:42:02 [scrapy.core.engine] DEBUG: Crawled (200) <GET https://mynavi.agentsearch.jp/jobDetail/?jobId=31979083> (referer: https://mynavi.agentsearch.jp/jobList/)
2019-10-21 15:42:02 [scrapy.core.scraper] DEBUG: Scraped from <200 https://mynavi.agentsearch.jp/jobDetail/?jobId=31979083>
{'annual_income_max': '575',
 'annual_income_min': '467',
 'company_name': '株式会社LIFULL',
 'create_data': datetime.datetime(2019, 10, 21, 15, 42, 2, 769331),
 'job_name': 'コンサルティング営業【本社勤務】日本一働きたい会社を目指して正社員',
 'latitude': 0,
 'link_url': 'https://mynavi.agentsearch.jp/jobDetail/?jobId=31979083',
 'longitude': 0,
 'nearest_station': '東京都\\r千代田区麹町1-4-4',
 'occupation': '営業',
 'published_time': '掲載開始日：2019.10.21終了予定日：2019.11.03',
 'source': 'マイナビ'}
2019-10-21 15:42:04 [scrapy.core.engine] DEBUG: Crawled (200) <GET https://mynavi.agentsearch.jp/jobDetail/?jobId=31978810> (referer: https://mynavi.agentsearch.jp/jobList/)
2019-10-21 15:42:04 [scrapy.core.scraper] DEBUG: Scraped from <200 https://mynavi.agentsearch.jp/jobDetail/?jobId=31978810>
{'annual_income_max': '900',
 'annual_income_min': '500',
 'company_name': '富士通株式会社',
 'create_data': datetime.datetime(2019, 10, 21, 15, 42, 4, 863276),
 'job_name': '重電・産業用電気機器のお客様に対する個社アカウント営業正社員',
 'latitude': 0,
 'link_url': 'https://mynavi.agentsearch.jp/jobDetail/?jobId=31978810',
 'longitude': 0,
 'nearest_station': '東京都\\r港区東新橋1-5-2\\u3000汐留シティセンター',
 'occupation': '営業',
 'published_time': '掲載開始日：2019.10.21終了予定日：2019.11.03',
 'source': 'マイナビ'}
2019-10-21 15:42:07 [scrapy.core.engine] DEBUG: Crawled (200) <GET https://mynavi.agentsearch.jp/jobDetail/?jobId=31979069> (referer: https://mynavi.agentsearch.jp/jobList/)
2019-10-21 15:42:07 [scrapy.core.scraper] DEBUG: Scraped from <200 https://mynavi.agentsearch.jp/jobDetail/?jobId=31979069>
{'annual_income_max': '650',
 'annual_income_min': '450',
 'company_name': '株式会社BookLive',
 'create_data': datetime.datetime(2019, 10, 21, 15, 42, 7, 318236),
 'job_name': '販促企画担当正社員',
 'latitude': 0,
 'link_url': 'https://mynavi.agentsearch.jp/jobDetail/?jobId=31979069',
 'longitude': 0,
 'nearest_station': '東京都\\r港区芝浦3-19-26凸版印刷芝浦ビル',
 'occupation': '営業',
 'published_time': '掲載開始日：2019.10.21終了予定日：2019.11.03',
 'source': 'マイナビ'}
2019-10-21 15:42:10 [scrapy.core.engine] DEBUG: Crawled (200) <GET https://mynavi.agentsearch.jp/jobDetail/?jobId=31993067> (referer: https://mynavi.agentsearch.jp/jobList/)
2019-10-21 15:42:10 [scrapy.core.scraper] DEBUG: Scraped from <200 https://mynavi.agentsearch.jp/jobDetail/?jobId=31993067>
{'annual_income_max': '700',
 'annual_income_min': '500',
 'company_name': '株式会社セラク',
 'create_data': datetime.datetime(2019, 10, 21, 15, 42, 10, 299260),
 'job_name': '【安定成長ＩＴ企業】【東京勤務】ソリューション営業職正社員',
 'latitude': 0,
 'link_url': 'https://mynavi.agentsearch.jp/jobDetail/?jobId=31993067',
 'longitude': 0,
 'nearest_station': '東京本社\\r東京都新宿区西新宿7-5-25 西新宿プライムス...',
 'occupation': '営業',
 'published_time': '掲載開始日：2019.10.21終了予定日：2019.11.17',
 'source': 'マイナビ'}
2019-10-21 15:42:12 [scrapy.core.engine] DEBUG: Crawled (200) <GET https://mynavi.agentsearch.jp/jobDetail/?jobId=31978789> (referer: https://mynavi.agentsearch.jp/jobList/)
2019-10-21 15:42:12 [scrapy.core.scraper] DEBUG: Scraped from <200 https://mynavi.agentsearch.jp/jobDetail/?jobId=31978789>
{'annual_income_max': '1200',
 'annual_income_min': '500',
 'company_name': '株式会社GA\u3000technologies',
 'create_data': datetime.datetime(2019, 10, 21, 15, 42, 12, 952612),
 'job_name': 'オープンポジション\u3000創業5年でマザーズ上場正社員',
 'latitude': 0,
 'link_url': 'https://mynavi.agentsearch.jp/jobDetail/?jobId=31978789',
 'longitude': 0,
 'nearest_station': '東京都\\r港区六本木3丁目2番1号 住友不動産六本木グランド...',
 'occupation': '営業',
 'published_time': '掲載開始日：2019.10.21終了予定日：2019.11.03',
 'source': 'マイナビ'}
2019-10-21 15:42:15 [scrapy.core.engine] DEBUG: Crawled (200) <GET https://mynavi.agentsearch.jp/jobDetail/?jobId=31978761> (referer: https://mynavi.agentsearch.jp/jobList/)
2019-10-21 15:42:15 [scrapy.core.scraper] DEBUG: Scraped from <200 https://mynavi.agentsearch.jp/jobDetail/?jobId=31978761>
{'annual_income_max': '700',
 'annual_income_min': '550',
 'company_name': '日本ジョン・クレーン株式会社',
 'create_data': datetime.datetime(2019, 10, 21, 15, 42, 15, 530431),
 'job_name': '法人営業【メカニカルシール世界トップシェア/港区勤務】正社員',
 'latitude': 0,
 'link_url': 'https://mynavi.agentsearch.jp/jobDetail/?jobId=31978761',
 'longitude': 0,
 'nearest_station': '東京都\\r港区浜松町１丁目２７－１６',
 'occupation': '営業',
 'published_time': '掲載開始日：2019.10.21終了予定日：2019.11.03',
 'source': 'マイナビ'}
2019-10-21 15:42:17 [scrapy.core.engine] DEBUG: Crawled (200) <GET https://mynavi.agentsearch.jp/jobDetail/?jobId=31927242> (referer: https://mynavi.agentsearch.jp/jobList/)
2019-10-21 15:42:17 [scrapy.core.scraper] DEBUG: Scraped from <200 https://mynavi.agentsearch.jp/jobDetail/?jobId=31927242>
{'annual_income_max': '900',
 'annual_income_min': '230',
 'company_name': '株式会社大塚商会',
 'create_data': datetime.datetime(2019, 10, 21, 15, 42, 17, 985300),
 'job_name': '［埼玉勤務］大手オフィス関連事業会社での営業職 正社員',
 'latitude': 0,
 'link_url': 'https://mynavi.agentsearch.jp/jobDetail/?jobId=31927242',
 'longitude': 0,
 'nearest_station': '■勤務地：埼玉県さいたま市中央区\\r■最寄り駅：大宮(埼玉県...',
 'occupation': '営業',
 'published_time': '掲載開始日：2019.10.21終了予定日：2019.11.17',
 'source': 'マイナビ'}
2019-10-21 15:42:20 [scrapy.core.engine] DEBUG: Crawled (200) <GET https://mynavi.agentsearch.jp/jobDetail/?jobId=31978764> (referer: https://mynavi.agentsearch.jp/jobList/)
2019-10-21 15:42:20 [scrapy.core.scraper] DEBUG: Scraped from <200 https://mynavi.agentsearch.jp/jobDetail/?jobId=31978764>
{'annual_income_max': '3000',
 'annual_income_min': '700',
 'company_name': 'FPTジャパンホールディングス株式会社',
 'create_data': datetime.datetime(2019, 10, 21, 15, 42, 20, 632547),
 'job_name': '【金融業界向け】IT営業メンバー※残業平均月10h程度正社員',
 'latitude': 0,
 'link_url': 'https://mynavi.agentsearch.jp/jobDetail/?jobId=31978764',
 'longitude': 0,
 'nearest_station': '東京都\\r港区芝公園1丁目7番6号KDX浜松町プレイス 6階...',
 'occupation': '営業',
 'published_time': '掲載開始日：2019.10.21終了予定日：2019.11.03',
 'source': 'マイナビ'}
2019-10-21 15:42:22 [scrapy.core.engine] DEBUG: Crawled (200) <GET https://mynavi.agentsearch.jp/jobDetail/?jobId=31979104> (referer: https://mynavi.agentsearch.jp/jobList/)
2019-10-21 15:42:22 [scrapy.core.scraper] DEBUG: Scraped from <200 https://mynavi.agentsearch.jp/jobDetail/?jobId=31979104>
{'annual_income_max': '550',
 'annual_income_min': '450',
 'company_name': '株式会社ネイチャーズウェイ',
 'create_data': datetime.datetime(2019, 10, 21, 15, 42, 22, 680702),
 'job_name': '法人営業【WELEDA】※年休120日以上/残業少正社員',
 'latitude': 0,
 'link_url': 'https://mynavi.agentsearch.jp/jobDetail/?jobId=31979104',
 'longitude': 0,
 'nearest_station': '東京都\\r渋谷区恵比寿1-13-6\\u3000恵比寿ISビル2F',
 'occupation': '営業',
 'published_time': '掲載開始日：2019.10.21終了予定日：2019.11.03',
 'source': 'マイナビ'}
2019-10-21 15:42:23 [scrapy.extensions.logstats] INFO: Crawled 24 pages (at 24 pages/min), scraped 23 items (at 23 items/min)
2019-10-21 15:42:25 [scrapy.core.engine] DEBUG: Crawled (200) <GET https://mynavi.agentsearch.jp/jobDetail/?jobId=31978665> (referer: https://mynavi.agentsearch.jp/jobList/)
2019-10-21 15:42:25 [scrapy.core.scraper] DEBUG: Scraped from <200 https://mynavi.agentsearch.jp/jobDetail/?jobId=31978665>
{'annual_income_max': '900',
 'annual_income_min': '650',
 'company_name': '日本サムスン株式会社',
 'create_data': datetime.datetime(2019, 10, 21, 15, 42, 25, 405529),
 'job_name': 'ファウンドリー営業【本社勤務/品川勤務/世界シェアトップ】正社員',
 'latitude': 0,
 'link_url': 'https://mynavi.agentsearch.jp/jobDetail/?jobId=31978665',
 'longitude': 0,
 'nearest_station': '東京都\\r港区港南2丁目16番4号 品川グランドセントラルタ...',
 'occupation': '営業',
 'published_time': '掲載開始日：2019.10.21終了予定日：2019.11.03',
 'source': 'マイナビ'}
2019-10-21 15:42:28 [scrapy.core.engine] DEBUG: Crawled (200) <GET https://mynavi.agentsearch.jp/jobDetail/?jobId=31978812> (referer: https://mynavi.agentsearch.jp/jobList/)
2019-10-21 15:42:28 [scrapy.core.scraper] DEBUG: Scraped from <200 https://mynavi.agentsearch.jp/jobDetail/?jobId=31978812>
{'annual_income_max': '900',
 'annual_income_min': '500',
 'company_name': '富士通株式会社',
 'create_data': datetime.datetime(2019, 10, 21, 15, 42, 28, 418174),
 'job_name': '地方公共団体向け情報サービス業のアカウント営業正社員',
 'latitude': 0,
 'link_url': 'https://mynavi.agentsearch.jp/jobDetail/?jobId=31978812',
 'longitude': 0,
 'nearest_station': '東京都\\r港区東新橋1-5-2\\u3000汐留シティセンター',
 'occupation': '営業',
 'published_time': '掲載開始日：2019.10.21終了予定日：2019.11.03',
 'source': 'マイナビ'}
2019-10-21 15:42:30 [scrapy.core.engine] DEBUG: Crawled (200) <GET https://mynavi.agentsearch.jp/jobDetail/?jobId=31979065> (referer: https://mynavi.agentsearch.jp/jobList/)
2019-10-21 15:42:30 [scrapy.core.scraper] DEBUG: Scraped from <200 https://mynavi.agentsearch.jp/jobDetail/?jobId=31979065>
{'annual_income_max': '650',
 'annual_income_min': '450',
 'company_name': 'NECネッツエスアイ株式会社',
 'create_data': datetime.datetime(2019, 10, 21, 15, 42, 30, 153344),
 'job_name': '【金融機関向け】ソリューション営業※1回面接※正社員',
 'latitude': 0,
 'link_url': 'https://mynavi.agentsearch.jp/jobDetail/?jobId=31979065',
 'longitude': 0,
 'nearest_station': '東京都\\r文京区後楽2-6-1\\u3000飯田橋ファーストタワー',
 'occupation': '営業',
 'published_time': '掲載開始日：2019.10.21終了予定日：2019.11.03',
 'source': 'マイナビ'}
2019-10-21 15:42:31 [scrapy.core.engine] DEBUG: Crawled (200) <GET https://mynavi.agentsearch.jp/jobDetail/?jobId=31979077> (referer: https://mynavi.agentsearch.jp/jobList/)
2019-10-21 15:42:31 [scrapy.core.scraper] DEBUG: Scraped from <200 https://mynavi.agentsearch.jp/jobDetail/?jobId=31979077>
{'annual_income_max': '600',
 'annual_income_min': '450',
 'company_name': '株式会社ヒト・コミュニケーションズ',
 'create_data': datetime.datetime(2019, 10, 21, 15, 42, 31, 276046),
 'job_name': '【BPOサービスの提案営業】※裁量範囲広い/提案幅広い正社員',
 'latitude': 0,
 'link_url': 'https://mynavi.agentsearch.jp/jobDetail/?jobId=31979077',
 'longitude': 0,
 'nearest_station': '東京都\\r豊島区東池袋1-9-6 ヒトコムjobビル2F',
 'occupation': '営業',
 'published_time': '掲載開始日：2019.10.21終了予定日：2019.11.03',
 'source': 'マイナビ'}
2019-10-21 15:42:34 [scrapy.core.engine] DEBUG: Crawled (200) <GET https://mynavi.agentsearch.jp/jobDetail/?jobId=31978956> (referer: https://mynavi.agentsearch.jp/jobList/)
2019-10-21 15:42:34 [scrapy.core.scraper] DEBUG: Scraped from <200 https://mynavi.agentsearch.jp/jobDetail/?jobId=31978956>
{'annual_income_max': '901',
 'annual_income_min': '495',
 'company_name': 'ソフトバンク・テクノロジー株式会社',
 'create_data': datetime.datetime(2019, 10, 21, 15, 42, 34, 157583),
 'job_name': '公共向け（中央省庁/独立行政法人/地方自治体）営業正社員',
 'latitude': 0,
 'link_url': 'https://mynavi.agentsearch.jp/jobDetail/?jobId=31978956',
 'longitude': 0,
 'nearest_station': '東京都\\r新宿区新宿六丁目27番30号\\u3000新宿イーストサイドス...',
 'occupation': '営業',
 'published_time': '掲載開始日：2019.10.21終了予定日：2019.11.03',
 'source': 'マイナビ'}
2019-10-21 15:42:36 [scrapy.core.engine] DEBUG: Crawled (200) <GET https://mynavi.agentsearch.jp/jobDetail/?jobId=31978925> (referer: https://mynavi.agentsearch.jp/jobList/)
2019-10-21 15:42:36 [scrapy.core.scraper] DEBUG: Scraped from <200 https://mynavi.agentsearch.jp/jobDetail/?jobId=31978925>
{'annual_income_max': '650',
 'annual_income_min': '500',
 'company_name': '富士通株式会社',
 'create_data': datetime.datetime(2019, 10, 21, 15, 42, 36, 467806),
 'job_name': '顧客通信キャリア会社との協創ビジネス企画立案・実施正社員',
 'latitude': 0,
 'link_url': 'https://mynavi.agentsearch.jp/jobDetail/?jobId=31978925',
 'longitude': 0,
 'nearest_station': '東京都\\r港区東新橋1-5-2\\u3000汐留シティセンター',
 'occupation': '営業',
 'published_time': '掲載開始日：2019.10.21終了予定日：2019.11.03',
 'source': 'マイナビ'}
2019-10-21 15:42:39 [scrapy.core.engine] DEBUG: Crawled (200) <GET https://mynavi.agentsearch.jp/jobDetail/?jobId=31978656> (referer: https://mynavi.agentsearch.jp/jobList/)
2019-10-21 15:42:39 [scrapy.core.scraper] DEBUG: Scraped from <200 https://mynavi.agentsearch.jp/jobDetail/?jobId=31978656>
{'annual_income_max': '700',
 'annual_income_min': '700',
 'company_name': '株式会社イノベント',
 'create_data': datetime.datetime(2019, 10, 21, 15, 42, 39, 272227),
 'job_name': '【幹部候補】展示会の提案営業（住宅・IR業界）正社員',
 'latitude': 0,
 'link_url': 'https://mynavi.agentsearch.jp/jobDetail/?jobId=31978656',
 'longitude': 0,
 'nearest_station': '東京都\\r港区南青山3-1-31 NBF南青山ビル2F',
 'occupation': '営業',
 'published_time': '掲載開始日：2019.10.21終了予定日：2019.11.03',
 'source': 'マイナビ'}
2019-10-21 15:42:41 [scrapy.core.engine] DEBUG: Crawled (200) <GET https://mynavi.agentsearch.jp/jobDetail/?jobId=31978832> (referer: https://mynavi.agentsearch.jp/jobList/)
2019-10-21 15:42:42 [scrapy.core.scraper] DEBUG: Scraped from <200 https://mynavi.agentsearch.jp/jobDetail/?jobId=31978832>
{'annual_income_max': '800',
 'annual_income_min': '500',
 'company_name': '株式会社ミシャジャパン',
 'create_data': datetime.datetime(2019, 10, 21, 15, 42, 42, 41620),
 'job_name': '営業マネージャー候補※韓国の最大手化粧品メーカー正社員',
 'latitude': 0,
 'link_url': 'https://mynavi.agentsearch.jp/jobDetail/?jobId=31978832',
 'longitude': 0,
 'nearest_station': '東京都\\r港区芝大門2-12-7RBM芝パークビル4階',
 'occupation': '営業',
 'published_time': '掲載開始日：2019.10.21終了予定日：2019.11.03',
 'source': 'マイナビ'}
2019-10-21 15:42:44 [scrapy.core.engine] DEBUG: Crawled (200) <GET https://mynavi.agentsearch.jp/jobDetail/?jobId=31979052> (referer: https://mynavi.agentsearch.jp/jobList/)
2019-10-21 15:42:44 [scrapy.core.scraper] DEBUG: Scraped from <200 https://mynavi.agentsearch.jp/jobDetail/?jobId=31979052>
{'annual_income_max': '650',
 'annual_income_min': '450',
 'company_name': '株式会社グローマス',
 'create_data': datetime.datetime(2019, 10, 21, 15, 42, 44, 898295),
 'job_name': '【歯科業界特化のキャリアアドバイザー】リーダーorMGR正社員',
 'latitude': 0,
 'link_url': 'https://mynavi.agentsearch.jp/jobDetail/?jobId=31979052',
 'longitude': 0,
 'nearest_station': '東京都\\r千代田区神田東松下町38 鳥本鋼業ビル4F',
 'occupation': '営業',
 'published_time': '掲載開始日：2019.10.21終了予定日：2019.11.03',
 'source': 'マイナビ'}
2019-10-21 15:42:47 [scrapy.core.engine] DEBUG: Crawled (200) <GET https://mynavi.agentsearch.jp/jobDetail/?jobId=31978679> (referer: https://mynavi.agentsearch.jp/jobList/)
2019-10-21 15:42:47 [scrapy.core.scraper] DEBUG: Scraped from <200 https://mynavi.agentsearch.jp/jobDetail/?jobId=31978679>
{'annual_income_max': '1000',
 'annual_income_min': '600',
 'company_name': 'トランスコスモス株式会社',
 'create_data': datetime.datetime(2019, 10, 21, 15, 42, 47, 732825),
 'job_name': 'Webマーケティングの企画提案営業（東）正社員',
 'latitude': 0,
 'link_url': 'https://mynavi.agentsearch.jp/jobDetail/?jobId=31978679',
 'longitude': 0,
 'nearest_station': '東京都\\r渋谷区渋谷3-25-18',
 'occupation': '営業',
 'published_time': '掲載開始日：2019.10.21終了予定日：2019.11.03',
 'source': 'マイナビ'}
2019-10-21 15:42:49 [scrapy.core.engine] DEBUG: Crawled (200) <GET https://mynavi.agentsearch.jp/jobDetail/?jobId=31978852> (referer: https://mynavi.agentsearch.jp/jobList/)
2019-10-21 15:42:50 [scrapy.core.scraper] DEBUG: Scraped from <200 https://mynavi.agentsearch.jp/jobDetail/?jobId=31978852>
{'annual_income_max': '750',
 'annual_income_min': '500',
 'company_name': '株式会社PALTEK',
 'create_data': datetime.datetime(2019, 10, 21, 15, 42, 50, 19946),
 'job_name': 'AIソリューション担当マーケティング正社員',
 'latitude': 0,
 'link_url': 'https://mynavi.agentsearch.jp/jobDetail/?jobId=31978852',
 'longitude': 0,
 'nearest_station': '神奈川県\\r横浜市港北区新横浜 2-3-12新横浜スクエアビ...',
 'occupation': '営業',
 'published_time': '掲載開始日：2019.10.21終了予定日：2019.11.03',
 'source': 'マイナビ'}
2019-10-21 15:42:52 [scrapy.core.engine] DEBUG: Crawled (200) <GET https://mynavi.agentsearch.jp/jobDetail/?jobId=31510708> (referer: https://mynavi.agentsearch.jp/jobList/)
2019-10-21 15:42:52 [scrapy.core.scraper] DEBUG: Scraped from <200 https://mynavi.agentsearch.jp/jobDetail/?jobId=31510708>
{'annual_income_max': '500',
 'annual_income_min': '350',
 'company_name': '弁護士ドットコム株式会社',
 'create_data': datetime.datetime(2019, 10, 21, 15, 42, 52, 786528),
 'job_name': '税理士向けセールス（税理士ドットコム）正社員',
 'latitude': 0,
 'link_url': 'https://mynavi.agentsearch.jp/jobDetail/?jobId=31510708',
 'longitude': 0,
 'nearest_station': '東京都 港区',
 'occupation': '営業',
 'published_time': '掲載開始日：2019.10.21終了予定日：2019.11.17',
 'source': 'マイナビ'}
2019-10-21 15:42:55 [scrapy.core.engine] DEBUG: Crawled (200) <GET https://mynavi.agentsearch.jp/jobDetail/?jobId=31978686> (referer: https://mynavi.agentsearch.jp/jobList/)
2019-10-21 15:42:55 [scrapy.core.scraper] DEBUG: Scraped from <200 https://mynavi.agentsearch.jp/jobDetail/?jobId=31978686>
{'annual_income_max': '1000',
 'annual_income_min': '600',
 'company_name': '株式会社エヌ・ティ・ティ・データ',
 'create_data': datetime.datetime(2019, 10, 21, 15, 42, 55, 536447),
 'job_name': '【法人】キャッシュレス決済のソリューション営業正社員',
 'latitude': 0,
 'link_url': 'https://mynavi.agentsearch.jp/jobDetail/?jobId=31978686',
 'longitude': 0,
 'nearest_station': '東京都\\r江東区豊洲3-3-3\\u3000豊洲センタービル',
 'occupation': '営業',
 'published_time': '掲載開始日：2019.10.21終了予定日：2019.11.03',
 'source': 'マイナビ'}
2019-10-21 15:42:57 [scrapy.core.engine] DEBUG: Crawled (200) <GET https://mynavi.agentsearch.jp/jobDetail/?jobId=31840690> (referer: https://mynavi.agentsearch.jp/jobList/)
2019-10-21 15:42:57 [scrapy.core.scraper] DEBUG: Scraped from <200 https://mynavi.agentsearch.jp/jobDetail/?jobId=31840690>
{'annual_income_max': 0,
 'annual_income_min': 0,
 'company_name': 'アクシスコンサルティング株式会社',
 'create_data': datetime.datetime(2019, 10, 21, 15, 42, 57, 195359),
 'job_name': '人材紹介事業部\u3000法人営業マネージャ候補正社員',
 'latitude': 0,
 'link_url': 'https://mynavi.agentsearch.jp/jobDetail/?jobId=31840690',
 'longitude': 0,
 'nearest_station': '東京都',
 'occupation': '営業',
 'published_time': '掲載開始日：2019.10.21終了予定日：2019.11.17',
 'source': 'マイナビ'}
2019-10-21 15:42:59 [scrapy.core.engine] DEBUG: Crawled (200) <GET https://mynavi.agentsearch.jp/jobDetail/?jobId=31978776> (referer: https://mynavi.agentsearch.jp/jobList/)
2019-10-21 15:42:59 [scrapy.core.scraper] DEBUG: Scraped from <200 https://mynavi.agentsearch.jp/jobDetail/?jobId=31978776>
{'annual_income_max': '1500',
 'annual_income_min': '500',
 'company_name': '株式会社オープンエイト',
 'create_data': datetime.datetime(2019, 10, 21, 15, 42, 59, 136894),
 'job_name': 'オープンポジション正社員',
 'latitude': 0,
 'link_url': 'https://mynavi.agentsearch.jp/jobDetail/?jobId=31978776',
 'longitude': 0,
 'nearest_station': '東京都\\r渋谷区神宮前6-25-14 神宮前メディアスクエア...',
 'occupation': '営業',
 'published_time': '掲載開始日：2019.10.21終了予定日：2019.11.03',
 'source': 'マイナビ'}
2019-10-21 15:43:01 [scrapy.core.engine] DEBUG: Crawled (200) <GET https://mynavi.agentsearch.jp/jobDetail/?jobId=31979111> (referer: https://mynavi.agentsearch.jp/jobList/)
2019-10-21 15:43:02 [scrapy.core.scraper] DEBUG: Scraped from <200 https://mynavi.agentsearch.jp/jobDetail/?jobId=31979111>
{'annual_income_max': '520',
 'annual_income_min': '450',
 'company_name': 'NECネッツエスアイ株式会社',
 'create_data': datetime.datetime(2019, 10, 21, 15, 43, 2, 2712),
 'job_name': '【中堅企業・情報サービス業】ソリューション営業※1回面接※正社員',
 'latitude': 0,
 'link_url': 'https://mynavi.agentsearch.jp/jobDetail/?jobId=31979111',
 'longitude': 0,
 'nearest_station': '東京都\\r文京区後楽2-6-1\\u3000飯田橋ファーストタワー',
 'occupation': '営業',
 'published_time': '掲載開始日：2019.10.21終了予定日：2019.11.03',
 'source': 'マイナビ'}
2019-10-21 15:43:04 [scrapy.core.engine] DEBUG: Crawled (200) <GET https://mynavi.agentsearch.jp/jobDetail/?jobId=31978849> (referer: https://mynavi.agentsearch.jp/jobList/)
2019-10-21 15:43:04 [scrapy.core.scraper] DEBUG: Scraped from <200 https://mynavi.agentsearch.jp/jobDetail/?jobId=31978849>
{'annual_income_max': '800',
 'annual_income_min': '500',
 'company_name': 'コミックスマート株式会社',
 'create_data': datetime.datetime(2019, 10, 21, 15, 43, 4, 975225),
 'job_name': '【マネージャー候補】広告企画・提案営業\u3000※GANMA漫画正社員',
 'latitude': 0,
 'link_url': 'https://mynavi.agentsearch.jp/jobDetail/?jobId=31978849',
 'longitude': 0,
 'nearest_station': '東京都\\r新宿区西新宿8-17-1住友不動産新宿グランドタワ...',
 'occupation': '営業',
 'published_time': '掲載開始日：2019.10.21終了予定日：2019.11.03',
 'source': 'マイナビ'}
2019-10-21 15:43:07 [scrapy.core.engine] DEBUG: Crawled (200) <GET https://mynavi.agentsearch.jp/jobDetail/?jobId=31978943> (referer: https://mynavi.agentsearch.jp/jobList/)
2019-10-21 15:43:07 [scrapy.core.scraper] DEBUG: Scraped from <200 https://mynavi.agentsearch.jp/jobDetail/?jobId=31978943>
{'annual_income_max': '500',
 'annual_income_min': '500',
 'company_name': '株式会社オープンハウス',
 'create_data': datetime.datetime(2019, 10, 21, 15, 43, 7, 790622),
 'job_name': 'マンション営業※未経験者歓迎正社員',
 'latitude': 0,
 'link_url': 'https://mynavi.agentsearch.jp/jobDetail/?jobId=31978943',
 'longitude': 0,
 'nearest_station': '東京都\\r千代田区丸の内2-4-1\\u3000丸の内ビルディング12F...',
 'occupation': '営業',
 'published_time': '掲載開始日：2019.10.21終了予定日：2019.11.03',
 'source': 'マイナビ'}
2019-10-21 15:43:09 [scrapy.core.engine] DEBUG: Crawled (200) <GET https://mynavi.agentsearch.jp/jobDetail/?jobId=31979035> (referer: https://mynavi.agentsearch.jp/jobList/)
2019-10-21 15:43:09 [scrapy.core.scraper] DEBUG: Scraped from <200 https://mynavi.agentsearch.jp/jobDetail/?jobId=31979035>
{'annual_income_max': '700',
 'annual_income_min': '480',
 'company_name': 'ポリプラスチックス株式会社',
 'create_data': datetime.datetime(2019, 10, 21, 15, 43, 9, 586292),
 'job_name': '営業（開発・問題解決型の営業スタイル）/エンプラメーカー正社員',
 'latitude': 0,
 'link_url': 'https://mynavi.agentsearch.jp/jobDetail/?jobId=31979035',
 'longitude': 0,
 'nearest_station': '東京都\\r港区港南二丁目18番1号',
 'occupation': '営業',
 'published_time': '掲載開始日：2019.10.21終了予定日：2019.11.03',
 'source': 'マイナビ'}
2019-10-21 15:43:12 [scrapy.core.engine] DEBUG: Crawled (200) <GET https://mynavi.agentsearch.jp/jobDetail/?jobId=31979032> (referer: https://mynavi.agentsearch.jp/jobList/)
2019-10-21 15:43:12 [scrapy.core.scraper] DEBUG: Scraped from <200 https://mynavi.agentsearch.jp/jobDetail/?jobId=31979032>
{'annual_income_max': '700',
 'annual_income_min': '450',
 'company_name': '株式会社ミスミ',
 'create_data': datetime.datetime(2019, 10, 21, 15, 43, 12, 452767),
 'job_name': 'マーチャンダイザー正社員',
 'latitude': 0,
 'link_url': 'https://mynavi.agentsearch.jp/jobDetail/?jobId=31979032',
 'longitude': 0,
 'nearest_station': '東京都\\r文京区後楽2-5-1 住友不動産飯田橋ファーストビ...',
 'occupation': '営業',
 'published_time': '掲載開始日：2019.10.21終了予定日：2019.11.03',
 'source': 'マイナビ'}
2019-10-21 15:43:15 [scrapy.core.engine] DEBUG: Crawled (200) <GET https://mynavi.agentsearch.jp/jobDetail/?jobId=31978738> (referer: https://mynavi.agentsearch.jp/jobList/)
2019-10-21 15:43:15 [scrapy.core.scraper] DEBUG: Scraped from <200 https://mynavi.agentsearch.jp/jobDetail/?jobId=31978738>
{'annual_income_max': '600',
 'annual_income_min': '600',
 'company_name': '住友不動産株式会社',
 'create_data': datetime.datetime(2019, 10, 21, 15, 43, 15, 316456),
 'job_name': '仕入れ《新築分譲マンション事業用地》【年俸600万＋報奨金】正社員',
 'latitude': 0,
 'link_url': 'https://mynavi.agentsearch.jp/jobDetail/?jobId=31978738',
 'longitude': 0,
 'nearest_station': '東京都\\r新宿区西新宿 2-4-1新宿NSビル',
 'occupation': '営業',
 'published_time': '掲載開始日：2019.10.21終了予定日：2019.11.03',
 'source': 'マイナビ'}
2019-10-21 15:43:17 [scrapy.core.engine] DEBUG: Crawled (200) <GET https://mynavi.agentsearch.jp/jobDetail/?jobId=31978889> (referer: https://mynavi.agentsearch.jp/jobList/)
2019-10-21 15:43:18 [scrapy.core.scraper] DEBUG: Scraped from <200 https://mynavi.agentsearch.jp/jobDetail/?jobId=31978889>
{'annual_income_max': '700',
 'annual_income_min': '500',
 'company_name': '三菱電機インフォメーションネットワーク株式会社',
 'create_data': datetime.datetime(2019, 10, 21, 15, 43, 18, 101504),
 'job_name': '営業職（三菱電気グループ向け）正社員',
 'latitude': 0,
 'link_url': 'https://mynavi.agentsearch.jp/jobDetail/?jobId=31978889',
 'longitude': 0,
 'nearest_station': '東京都\\r港区芝浦四丁目6番8号\\u3000田町ファーストビル',
 'occupation': '営業',
 'published_time': '掲載開始日：2019.10.21終了予定日：2019.11.03',
 'source': 'マイナビ'}
2019-10-21 15:43:20 [scrapy.core.engine] DEBUG: Crawled (200) <GET https://mynavi.agentsearch.jp/jobDetail/?jobId=31979072> (referer: https://mynavi.agentsearch.jp/jobList/)
2019-10-21 15:43:20 [scrapy.core.scraper] DEBUG: Scraped from <200 https://mynavi.agentsearch.jp/jobDetail/?jobId=31979072>
{'annual_income_max': '651',
 'annual_income_min': '650',
 'company_name': 'Sansan株式会社',
 'create_data': datetime.datetime(2019, 10, 21, 15, 43, 20, 384863),
 'job_name': 'ソリューション営業【業界未経験者歓迎】正社員',
 'latitude': 0,
 'link_url': 'https://mynavi.agentsearch.jp/jobDetail/?jobId=31979072',
 'longitude': 0,
 'nearest_station': '東京都\\r渋谷区神宮前5-52-2\\u3000青山オーバルビル13F',
 'occupation': '営業',
 'published_time': '掲載開始日：2019.10.21終了予定日：2019.11.03',
 'source': 'マイナビ'}
2019-10-21 15:43:23 [scrapy.core.engine] DEBUG: Crawled (200) <GET https://mynavi.agentsearch.jp/jobDetail/?jobId=31978883> (referer: https://mynavi.agentsearch.jp/jobList/)
2019-10-21 15:43:23 [scrapy.core.scraper] DEBUG: Scraped from <200 https://mynavi.agentsearch.jp/jobDetail/?jobId=31978883>
{'annual_income_max': '700',
 'annual_income_min': '500',
 'company_name': '株式会社エンプラス',
 'create_data': datetime.datetime(2019, 10, 21, 15, 43, 23, 368016),
 'job_name': '製品企画・マーケティング【ギヤ製品】東証一部上場正社員',
 'latitude': 0,
 'link_url': 'https://mynavi.agentsearch.jp/jobDetail/?jobId=31978883',
 'longitude': 0,
 'nearest_station': '埼玉県\\r川口市並木2丁目38番5号エンプラス研究所ビル',
 'occupation': '営業',
 'published_time': '掲載開始日：2019.10.21終了予定日：2019.11.03',
 'source': 'マイナビ'}
2019-10-21 15:43:23 [scrapy.extensions.logstats] INFO: Crawled 48 pages (at 24 pages/min), scraped 47 items (at 24 items/min)
2019-10-21 15:43:26 [scrapy.core.engine] DEBUG: Crawled (200) <GET https://mynavi.agentsearch.jp/jobDetail/?jobId=31978655> (referer: https://mynavi.agentsearch.jp/jobList/)
2019-10-21 15:43:26 [scrapy.core.scraper] DEBUG: Scraped from <200 https://mynavi.agentsearch.jp/jobDetail/?jobId=31978655>
{'annual_income_max': '700',
 'annual_income_min': '700',
 'company_name': 'ジーエルアールインベストメント株式会社',
 'create_data': datetime.datetime(2019, 10, 21, 15, 43, 26, 168192),
 'job_name': '不動産売買仲介営業職【立ち上げ期からのマネージャーに】正社員',
 'latitude': 0,
 'link_url': 'https://mynavi.agentsearch.jp/jobDetail/?jobId=31978655',
 'longitude': 0,
 'nearest_station': '東京都\\r千代田区永田町2-11-1 山王パークタワー4階',
 'occupation': '営業',
 'published_time': '掲載開始日：2019.10.21終了予定日：2019.11.03',
 'source': 'マイナビ'}
2019-10-21 15:43:28 [scrapy.core.engine] DEBUG: Crawled (200) <GET https://mynavi.agentsearch.jp/jobDetail/?jobId=31979070> (referer: https://mynavi.agentsearch.jp/jobList/)
2019-10-21 15:43:28 [scrapy.core.scraper] DEBUG: Scraped from <200 https://mynavi.agentsearch.jp/jobDetail/?jobId=31979070>
{'annual_income_max': '650',
 'annual_income_min': '450',
 'company_name': 'ユニファ株式会社',
 'create_data': datetime.datetime(2019, 10, 21, 15, 43, 28, 317063),
 'job_name': '【自社製品】事業企画・マネージャー候補正社員',
 'latitude': 0,
 'link_url': 'https://mynavi.agentsearch.jp/jobDetail/?jobId=31979070',
 'longitude': 0,
 'nearest_station': '東京都\\r台東区東上野1-28-9\\u3000キクヤビル2F',
 'occupation': '営業',
 'published_time': '掲載開始日：2019.10.21終了予定日：2019.11.03',
 'source': 'マイナビ'}
2019-10-21 15:43:30 [scrapy.core.engine] DEBUG: Crawled (200) <GET https://mynavi.agentsearch.jp/jobDetail/?jobId=31978644> (referer: https://mynavi.agentsearch.jp/jobList/)
2019-10-21 15:43:30 [scrapy.core.scraper] DEBUG: Scraped from <200 https://mynavi.agentsearch.jp/jobDetail/?jobId=31978644>
{'annual_income_max': '1000',
 'annual_income_min': '700',
 'company_name': 'アクセプタンスジャパン株式会社',
 'create_data': datetime.datetime(2019, 10, 21, 15, 43, 30, 426605),
 'job_name': 'セールスエンジニア（課長候補）※石油精製・石油化学プラント用正社員',
 'latitude': 0,
 'link_url': 'https://mynavi.agentsearch.jp/jobDetail/?jobId=31978644',
 'longitude': 0,
 'nearest_station': '神奈川県\\r横浜市中区山下町74-1\\u3000大和地所ビル5階',
 'occupation': '営業',
 'published_time': '掲載開始日：2019.10.21終了予定日：2019.11.03',
 'source': 'マイナビ'}
2019-10-21 15:43:30 [scrapy.core.engine] INFO: Closing spider (finished)
2019-10-21 15:43:30 [scrapy.statscollectors] INFO: Dumping Scrapy stats:
{'downloader/request_bytes': 60677,
 'downloader/request_count': 51,
 'downloader/request_method_count/GET': 50,
 'downloader/request_method_count/POST': 1,
 'downloader/response_bytes': 536578,
 'downloader/response_count': 51,
 'downloader/response_status_count/200': 51,
 'elapsed_time_seconds': 126.542178,
 'finish_reason': 'finished',
 'finish_time': datetime.datetime(2019, 10, 21, 6, 43, 30, 429786),
 'item_scraped_count': 50,
 'log_count/DEBUG': 101,
 'log_count/INFO': 12,
 'log_count/WARNING': 1,
 'memusage/max': 75722752,
 'memusage/startup': 61337600,
 'request_depth_max': 1,
 'response_received_count': 51,
 'scheduler/dequeued': 51,
 'scheduler/dequeued/memory': 51,
 'scheduler/enqueued': 51,
 'scheduler/enqueued/memory': 51,
 'start_time': datetime.datetime(2019, 10, 21, 6, 41, 23, 887608)}
2019-10-21 15:43:30 [scrapy.core.engine] INFO: Spider closed (finished)
